RESULT OF ipconfig /all 
TIMESTAMP: 2022-02-21 08:34:59,52 Romance Standard Time 
-------------------------------------------- 

Configuraci¢n IP de Windows

   Nombre de host. . . . . . . . . : alumno-PC
   Sufijo DNS principal  . . . . . : 
   Tipo de nodo. . . . . . . . . . : h¡brido
   Enrutamiento IP habilitado. . . : no
   Proxy WINS habilitado . . . . . : no
   Lista de b£squeda de sufijos DNS: e-fti.com

Adaptador de Ethernet Conexi¢n de  rea local:

   Sufijo DNS espec¡fico para la conexi¢n. . : e-fti.com
   Descripci¢n . . . . . . . . . . . . . . . : Adaptador de escritorio Intel(R) PRO/1000 MT
   Direcci¢n f¡sica. . . . . . . . . . . . . : 08-00-27-63-06-74
   DHCP habilitado . . . . . . . . . . . . . : s¡
   Configuraci¢n autom tica habilitada . . . : s¡
   V¡nculo: direcci¢n IPv6 local. . . : fe80::a4cf:83f9:45ed:11d8%10(Preferido) 
   Direcci¢n IPv4. . . . . . . . . . . . . . : 10.10.10.5(Preferido) 
   M scara de subred . . . . . . . . . . . . : 255.255.255.0
   Concesi¢n obtenida. . . . . . . . . . . . : lunes, 21 de febrero de 2022 8:34:02
   La concesi¢n expira . . . . . . . . . . . : lunes, 21 de febrero de 2022 8:44:03
   Puerta de enlace predeterminada . . . . . : 10.10.10.1
   Servidor DHCP . . . . . . . . . . . . . . : 10.10.10.3
   IAID DHCPv6 . . . . . . . . . . . . . . . : 235405351
   DUID de cliente DHCPv6. . . . . . . . . . : 00-01-00-01-14-6E-C2-35-08-00-27-4E-E1-E3
   Servidores DNS. . . . . . . . . . . . . . : 172.16.150.170
                                       1.1.1.1
   NetBIOS sobre TCP/IP. . . . . . . . . . . : habilitado

Adaptador de t£nel Conexi¢n de  rea local*:

   Estado de los medios. . . . . . . . . . . : medios desconectados
   Sufijo DNS espec¡fico para la conexi¢n. . : 
   Descripci¢n . . . . . . . . . . . . . . . : Teredo Tunneling Pseudo-Interface
   Direcci¢n f¡sica. . . . . . . . . . . . . : 00-00-00-00-00-00-00-E0
   DHCP habilitado . . . . . . . . . . . . . : no
   Configuraci¢n autom tica habilitada . . . : s¡

Adaptador de t£nel isatap.e-fti.com:

   Estado de los medios. . . . . . . . . . . : medios desconectados
   Sufijo DNS espec¡fico para la conexi¢n. . : e-fti.com
   Descripci¢n . . . . . . . . . . . . . . . : Adaptador ISATAP de Microsoft #2
   Direcci¢n f¡sica. . . . . . . . . . . . . : 00-00-00-00-00-00-00-E0
   DHCP habilitado . . . . . . . . . . . . . : no
   Configuraci¢n autom tica habilitada . . . : s¡
