Process information for ALUMNO-PC:

Name                             Pid Pri Thd  Hnd      VM      WS    Priv
Idle                               0   0   4    0       0      24       0
  System                           4   8  95  501    2304     876      48
    smss                         288  11   2   32    3024     860     308
csrss                            364  13   9  380   33112    3044    1264
wininit                          412  13   4   84   34336    3376     976
  services                       504   9  13  204   28452    6096    3164
    taskhost                     524   8  10  174   64800    5836    2652
    svchost                      624   8  14  360   36772    6908    3012
      dllhost                   3700   8   6   91   47456    4064    1240
      WmiPrvSE                  3836   8   8  119   30684    5384    2612
    VBoxService                  692   8  11  113   32036    4188    1632
    svchost                      748   8   7  256   27044    5332    2412
    svchost                      856   8  20  389   51892   11260   12272
      audiodg                   1012   8   6  130   44276   13944   15168
    svchost                      896   8  22  432  121692   37728   32240
      dwm                        948   8   5   78   41048    4144    1308
    svchost                      936   8  33  773   81560   18112    9356
      taskeng                   1388   6   6   89   25040    3864    1184
    svchost                     1088   8  13  289   36432    7352    4024
    svchost                     1204   8  18  374   65628   10032    8388
    sppsvc                      1324   8   6  154   33272   10128    5260
    spoolsv                     1396   8  13  286   60592    8452    4676
    svchost                     1432   8  26  328   46392    9696    8764
    svchost                     1576   8  11  194   38384    6748    3704
    TrustedInstaller            2044   8   6  122   34396    6752    2208
    SearchIndexer               2256   8  14  619  110148    9636   15756
      SearchProtocolHost        2320   4   8  260   49656    4336    1592
      SearchFilterHost          2340   4   6   83   23808    3608    1164
  lsass                          520   9  10  482   33276    7132    2816
  lsm                            528   8  10  145   14656    3128    1380
csrss                            420  13   9  222   33624    4380    1524
  conhost                       2916   8   2   56   47028    4376    1100
winlogon                         460  13   5  118   40376    5176    2164
explorer                         848   8  36  864  223644   40876   33524
  VBoxTray                      1560   8  11   88   60772    4380    1188
  cmd                           2908   8   1   26   32620    3076    2168
    pslist                      3908  13   1  128   51804    3964    1328
GoogleCrashHandler              1964   4   7   92   40104     636    1232
