Error opening System(4):
Acceso denegado.

------------------------------------------------------------------------------
smss.exe pid: 288
Command line: \SystemRoot\System32\smss.exe

Base        Size      Path
0x480b0000  0x13000   C:\Windows\System32\smss.exe
0x77d70000  0x13c000  C:\Windows\SYSTEM32\ntdll.dll
------------------------------------------------------------------------------
csrss.exe pid: 364
Command line: %SystemRoot%\system32\csrss.exe ObjectDirectory=\Windows SharedSection=1024,12288,512 Windows=On SubSystemType=Windows ServerDll=basesrv,1 ServerDll=winsrv:UserServerDllInitialization,3 ServerDll=winsrv:ConServerDllInitialization,2 ServerDll=sxssrv,4 ProfileControl=Off MaxRequestThreads=16

Base        Size      Path
0x49f40000  0x5000    C:\Windows\system32\csrss.exe
0x77d70000  0x13c000  C:\Windows\SYSTEM32\ntdll.dll
0x75f60000  0xd000    C:\Windows\system32\CSRSRV.dll
0x75f50000  0xe000    C:\Windows\system32\basesrv.DLL
0x75f20000  0x2c000   C:\Windows\system32\winsrv.DLL
0x77570000  0xc9000   C:\Windows\system32\USER32.dll
0x77ee0000  0x4e000   C:\Windows\system32\GDI32.dll
0x76410000  0xd4000   C:\Windows\SYSTEM32\kernel32.dll
0x76010000  0x4b000   C:\Windows\system32\KERNELBASE.dll
0x77ed0000  0xa000    C:\Windows\system32\LPK.dll
0x77940000  0x9d000   C:\Windows\system32\USP10.dll
0x76200000  0xac000   C:\Windows\system32\msvcrt.dll
0x75f10000  0x9000    C:\Windows\system32\sxssrv.DLL
0x75e60000  0x5f000   C:\Windows\system32\sxs.dll
0x77760000  0xa1000   C:\Windows\system32\RPCRT4.dll
0x75e50000  0xc000    C:\Windows\system32\CRYPTBASE.dll
------------------------------------------------------------------------------
wininit.exe pid: 412
Command line: wininit.exe

Base        Size      Path
0x004c0000  0x1a000   C:\Windows\system32\wininit.exe
0x77d70000  0x13c000  C:\Windows\SYSTEM32\ntdll.dll
0x76410000  0xd4000   C:\Windows\system32\kernel32.dll
0x76010000  0x4b000   C:\Windows\system32\KERNELBASE.dll
0x77570000  0xc9000   C:\Windows\system32\USER32.dll
0x77ee0000  0x4e000   C:\Windows\system32\GDI32.dll
0x77ed0000  0xa000    C:\Windows\system32\LPK.dll
0x77940000  0x9d000   C:\Windows\system32\USP10.dll
0x76200000  0xac000   C:\Windows\system32\msvcrt.dll
0x77760000  0xa1000   C:\Windows\system32\RPCRT4.dll
0x77380000  0x19000   C:\Windows\SYSTEM32\sechost.dll
0x75f00000  0xb000    C:\Windows\system32\profapi.dll
0x77f30000  0x1f000   C:\Windows\system32\IMM32.DLL
0x76660000  0xcc000   C:\Windows\system32\MSCTF.dll
0x75ef0000  0xe000    C:\Windows\system32\RpcRtRemote.dll
0x75e00000  0x4c000   C:\Windows\system32\apphelp.dll
0x75e50000  0xc000    C:\Windows\system32\CRYPTBASE.dll
0x77a10000  0x35000   C:\Windows\system32\WS2_32.dll
0x77eb0000  0x6000    C:\Windows\system32\NSI.dll
0x75940000  0x3c000   C:\Windows\system32\mswsock.dll
0x75400000  0x5000    C:\Windows\System32\wshtcpip.dll
0x75930000  0x6000    C:\Windows\System32\wship6.dll
0x75ca0000  0x8000    C:\Windows\system32\secur32.dll
0x75de0000  0x1b000   C:\Windows\system32\SSPICLI.DLL
0x75620000  0x8000    C:\Windows\system32\credssp.dll
0x77810000  0xa0000   C:\Windows\system32\ADVAPI32.dll
------------------------------------------------------------------------------
csrss.exe pid: 420
Command line: %SystemRoot%\system32\csrss.exe ObjectDirectory=\Windows SharedSection=1024,12288,512 Windows=On SubSystemType=Windows ServerDll=basesrv,1 ServerDll=winsrv:UserServerDllInitialization,3 ServerDll=winsrv:ConServerDllInitialization,2 ServerDll=sxssrv,4 ProfileControl=Off MaxRequestThreads=16

Base        Size      Path
0x49f40000  0x5000    C:\Windows\system32\csrss.exe
0x77d70000  0x13c000  C:\Windows\SYSTEM32\ntdll.dll
0x75f60000  0xd000    C:\Windows\system32\CSRSRV.dll
0x75f50000  0xe000    C:\Windows\system32\basesrv.DLL
0x75f20000  0x2c000   C:\Windows\system32\winsrv.DLL
0x77570000  0xc9000   C:\Windows\system32\USER32.dll
0x77ee0000  0x4e000   C:\Windows\system32\GDI32.dll
0x76410000  0xd4000   C:\Windows\SYSTEM32\kernel32.dll
0x76010000  0x4b000   C:\Windows\system32\KERNELBASE.dll
0x77ed0000  0xa000    C:\Windows\system32\LPK.dll
0x77940000  0x9d000   C:\Windows\system32\USP10.dll
0x76200000  0xac000   C:\Windows\system32\msvcrt.dll
0x75f10000  0x9000    C:\Windows\system32\sxssrv.DLL
0x75e60000  0x5f000   C:\Windows\system32\sxs.dll
0x77760000  0xa1000   C:\Windows\system32\RPCRT4.dll
0x75e50000  0xc000    C:\Windows\system32\CRYPTBASE.dll
0x77810000  0xa0000   C:\Windows\system32\ADVAPI32.dll
0x77380000  0x19000   C:\Windows\SYSTEM32\sechost.dll
------------------------------------------------------------------------------
winlogon.exe pid: 460
Command line: winlogon.exe

Base        Size      Path
0x006c0000  0x48000   C:\Windows\system32\winlogon.exe
0x77d70000  0x13c000  C:\Windows\SYSTEM32\ntdll.dll
0x76410000  0xd4000   C:\Windows\system32\kernel32.dll
0x76010000  0x4b000   C:\Windows\system32\KERNELBASE.dll
0x77570000  0xc9000   C:\Windows\system32\USER32.dll
0x77ee0000  0x4e000   C:\Windows\system32\GDI32.dll
0x77ed0000  0xa000    C:\Windows\system32\LPK.dll
0x77940000  0x9d000   C:\Windows\system32\USP10.dll
0x76200000  0xac000   C:\Windows\system32\msvcrt.dll
0x75ec0000  0x29000   C:\Windows\system32\WINSTA.dll
0x77760000  0xa1000   C:\Windows\system32\RPCRT4.dll
0x77f30000  0x1f000   C:\Windows\system32\IMM32.DLL
0x76660000  0xcc000   C:\Windows\system32\MSCTF.dll
0x77810000  0xa0000   C:\Windows\system32\ADVAPI32.dll
0x77380000  0x19000   C:\Windows\SYSTEM32\sechost.dll
0x75f00000  0xb000    C:\Windows\system32\profapi.dll
0x75ef0000  0xe000    C:\Windows\system32\RpcRtRemote.dll
0x75e00000  0x4c000   C:\Windows\system32\apphelp.dll
0x73f80000  0x8000    C:\Windows\system32\UXINIT.dll
0x74c90000  0x40000   C:\Windows\system32\UxTheme.dll
0x75980000  0x16000   C:\Windows\system32\CRYPTSP.dll
0x75720000  0x3b000   C:\Windows\system32\rsaenh.dll
0x75e50000  0xc000    C:\Windows\system32\CRYPTBASE.dll
0x74740000  0xfb000   C:\Windows\system32\WindowsCodecs.dll
0x762b0000  0x15c000  C:\Windows\system32\ole32.dll
0x740c0000  0xf000    C:\Windows\system32\wkscli.dll
0x75a50000  0x2b000   C:\Windows\system32\netjoin.dll
0x740d0000  0x9000    C:\Windows\system32\netutils.dll
0x75de0000  0x1b000   C:\Windows\system32\SspiCli.dll
0x744d0000  0xa000    C:\Windows\system32\slc.dll
0x70de0000  0x12000   C:\Windows\system32\MPR.dll
------------------------------------------------------------------------------
services.exe pid: 504
Command line: C:\Windows\system32\services.exe

Base        Size      Path
0x00bc0000  0x41000   C:\Windows\system32\services.exe
0x77d70000  0x13c000  C:\Windows\SYSTEM32\ntdll.dll
0x76410000  0xd4000   C:\Windows\system32\kernel32.dll
0x76010000  0x4b000   C:\Windows\system32\KERNELBASE.dll
0x76200000  0xac000   C:\Windows\system32\msvcrt.dll
0x77760000  0xa1000   C:\Windows\system32\RPCRT4.dll
0x75de0000  0x1b000   C:\Windows\system32\SspiCli.dll
0x75f00000  0xb000    C:\Windows\system32\profapi.dll
0x77380000  0x19000   C:\Windows\SYSTEM32\sechost.dll
0x75e50000  0xc000    C:\Windows\system32\CRYPTBASE.dll
0x75dc0000  0xf000    C:\Windows\system32\scext.dll
0x77570000  0xc9000   C:\Windows\system32\USER32.dll
0x77ee0000  0x4e000   C:\Windows\system32\GDI32.dll
0x77ed0000  0xa000    C:\Windows\system32\LPK.dll
0x77940000  0x9d000   C:\Windows\system32\USP10.dll
0x75ca0000  0x8000    C:\Windows\system32\Secur32.dll
0x75c40000  0x4e000   C:\Windows\system32\SCESRV.dll
0x75b90000  0x19000   C:\Windows\system32\srvcli.dll
0x77f30000  0x1f000   C:\Windows\system32\IMM32.DLL
0x76660000  0xcc000   C:\Windows\system32\MSCTF.dll
0x75ef0000  0xe000    C:\Windows\system32\RpcRtRemote.dll
0x75620000  0x8000    C:\Windows\system32\credssp.dll
0x75af0000  0x1b000   C:\Windows\system32\AUTHZ.dll
0x755f0000  0x2c000   C:\Windows\system32\UBPM.dll
0x77810000  0xa0000   C:\Windows\system32\ADVAPI32.dll
0x75e00000  0x4c000   C:\Windows\system32\apphelp.dll
0x75500000  0xd000    C:\Windows\system32\WTSAPI32.dll
0x75ec0000  0x29000   C:\Windows\system32\WINSTA.dll
0x77a10000  0x35000   C:\Windows\system32\WS2_32.dll
0x77eb0000  0x6000    C:\Windows\system32\NSI.dll
0x75940000  0x3c000   C:\Windows\system32\mswsock.dll
0x75400000  0x5000    C:\Windows\System32\wshtcpip.dll
0x75930000  0x6000    C:\Windows\System32\wship6.dll
------------------------------------------------------------------------------
lsass.exe pid: 520
Command line: C:\Windows\system32\lsass.exe

Base        Size      Path
0x00430000  0x9000    C:\Windows\system32\lsass.exe
0x77d70000  0x13c000  C:\Windows\SYSTEM32\ntdll.dll
0x76410000  0xd4000   C:\Windows\system32\kernel32.dll
0x76010000  0x4b000   C:\Windows\system32\KERNELBASE.dll
0x76200000  0xac000   C:\Windows\system32\msvcrt.dll
0x77760000  0xa1000   C:\Windows\system32\RPCRT4.dll
0x75dd0000  0x7000    C:\Windows\system32\SspiSrv.dll
0x75cc0000  0x100000  C:\Windows\system32\lsasrv.dll
0x77380000  0x19000   C:\Windows\SYSTEM32\sechost.dll
0x75de0000  0x1b000   C:\Windows\system32\SspiCli.dll
0x77810000  0xa0000   C:\Windows\system32\ADVAPI32.dll
0x77570000  0xc9000   C:\Windows\system32\USER32.dll
0x77ee0000  0x4e000   C:\Windows\system32\GDI32.dll
0x77ed0000  0xa000    C:\Windows\system32\LPK.dll
0x77940000  0x9d000   C:\Windows\system32\USP10.dll
0x75bb0000  0x8b000   C:\Windows\system32\SAMSRV.dll
0x75b70000  0x11000   C:\Windows\system32\cryptdll.dll
0x75f70000  0xc000    C:\Windows\system32\MSASN1.dll
0x75b20000  0x42000   C:\Windows\system32\wevtapi.dll
0x77f30000  0x1f000   C:\Windows\system32\IMM32.DLL
0x76660000  0xcc000   C:\Windows\system32\MSCTF.dll
0x75b10000  0x6000    C:\Windows\system32\cngaudit.dll
0x75af0000  0x1b000   C:\Windows\system32\AUTHZ.dll
0x75ab0000  0x38000   C:\Windows\system32\ncrypt.dll
0x75a90000  0x17000   C:\Windows\system32\bcrypt.dll
0x75a80000  0x2000    C:\Windows\system32\msprivs.DLL
0x75a50000  0x2b000   C:\Windows\system32\netjoin.dll
0x75a30000  0x1b000   C:\Windows\system32\negoexts.DLL
0x75ca0000  0x8000    C:\Windows\system32\Secur32.dll
0x75e50000  0xc000    C:\Windows\system32\cryptbase.dll
0x759a0000  0x88000   C:\Windows\system32\kerberos.DLL
0x75980000  0x16000   C:\Windows\system32\CRYPTSP.dll
0x77a10000  0x35000   C:\Windows\system32\WS2_32.dll
0x77eb0000  0x6000    C:\Windows\system32\NSI.dll
0x75940000  0x3c000   C:\Windows\system32\mswsock.dll
0x75930000  0x6000    C:\Windows\System32\wship6.dll
0x758e0000  0x42000   C:\Windows\system32\msv1_0.DLL
0x75850000  0x8c000   C:\Windows\system32\netlogon.DLL
0x75800000  0x44000   C:\Windows\system32\DNSAPI.dll
0x757d0000  0x22000   C:\Windows\system32\logoncli.dll
0x75790000  0x3a000   C:\Windows\system32\schannel.DLL
0x76080000  0x11e000  C:\Windows\system32\CRYPT32.dll
0x75760000  0x2c000   C:\Windows\system32\wdigest.DLL
0x75720000  0x3b000   C:\Windows\system32\rsaenh.dll
0x756e0000  0x12000   C:\Windows\system32\tspkg.DLL
0x756a0000  0x34000   C:\Windows\system32\pku2u.DLL
0x75660000  0x3d000   C:\Windows\system32\bcryptprimitives.dll
0x75ef0000  0xe000    C:\Windows\system32\RpcRtRemote.dll
0x75710000  0xd000    C:\Windows\system32\efslsaext.dll
0x75630000  0x2e000   C:\Windows\system32\scecli.DLL
0x75620000  0x8000    C:\Windows\system32\credssp.dll
0x75ec0000  0x29000   C:\Windows\system32\WINSTA.dll
0x754d0000  0x1c000   C:\Windows\system32\IPHLPAPI.DLL
0x754c0000  0x7000    C:\Windows\system32\WINNSI.DLL
0x740d0000  0x9000    C:\Windows\system32\netutils.dll
0x75560000  0x17000   C:\Windows\system32\USERENV.dll
0x75f00000  0xb000    C:\Windows\system32\profapi.dll
0x75400000  0x5000    C:\Windows\System32\wshtcpip.dll
------------------------------------------------------------------------------
lsm.exe pid: 528
Command line: C:\Windows\system32\lsm.exe

Base        Size      Path
0x00660000  0x44000   C:\Windows\system32\lsm.exe
0x77d70000  0x13c000  C:\Windows\SYSTEM32\ntdll.dll
0x76410000  0xd4000   C:\Windows\system32\kernel32.dll
0x76010000  0x4b000   C:\Windows\system32\KERNELBASE.dll
0x76200000  0xac000   C:\Windows\system32\msvcrt.dll
0x77380000  0x19000   C:\Windows\SYSTEM32\sechost.dll
0x77760000  0xa1000   C:\Windows\system32\RPCRT4.dll
0x75cb0000  0x7000    C:\Windows\system32\SYSNTFY.dll
0x75c90000  0x6000    C:\Windows\system32\WMsgAPI.dll
0x75e50000  0xc000    C:\Windows\system32\CRYPTBASE.dll
0x75510000  0xb000    C:\Windows\system32\pcwum.dll
0x75ef0000  0xe000    C:\Windows\system32\RpcRtRemote.dll
0x75ca0000  0x8000    C:\Windows\system32\secur32.dll
0x75de0000  0x1b000   C:\Windows\system32\SSPICLI.DLL
0x75620000  0x8000    C:\Windows\system32\credssp.dll
0x77810000  0xa0000   C:\Windows\system32\ADVAPI32.dll
------------------------------------------------------------------------------
svchost.exe pid: 624
Command line: C:\Windows\system32\svchost.exe -k DcomLaunch

Base        Size      Path
0x00d70000  0x8000    C:\Windows\system32\svchost.exe
0x77d70000  0x13c000  C:\Windows\SYSTEM32\ntdll.dll
0x76410000  0xd4000   C:\Windows\system32\kernel32.dll
0x76010000  0x4b000   C:\Windows\system32\KERNELBASE.dll
0x76200000  0xac000   C:\Windows\system32\msvcrt.dll
0x77380000  0x19000   C:\Windows\SYSTEM32\sechost.dll
0x77760000  0xa1000   C:\Windows\system32\RPCRT4.dll
0x755a0000  0x49000   c:\windows\system32\umpnpmgr.dll
0x75580000  0x15000   c:\windows\system32\SPINF.dll
0x77570000  0xc9000   C:\Windows\system32\USER32.dll
0x77ee0000  0x4e000   C:\Windows\system32\GDI32.dll
0x77ed0000  0xa000    C:\Windows\system32\LPK.dll
0x77940000  0x9d000   C:\Windows\system32\USP10.dll
0x75700000  0xe000    c:\windows\system32\DEVRTL.dll
0x77f30000  0x1f000   C:\Windows\system32\IMM32.DLL
0x76660000  0xcc000   C:\Windows\system32\MSCTF.dll
0x75ef0000  0xe000    C:\Windows\system32\RpcRtRemote.dll
0x75560000  0x17000   C:\Windows\system32\USERENV.dll
0x75f00000  0xb000    C:\Windows\system32\profapi.dll
0x75540000  0x16000   C:\Windows\system32\GPAPI.dll
0x75e50000  0xc000    C:\Windows\system32\CRYPTBASE.dll
0x75520000  0x20000   c:\windows\system32\umpo.dll
0x75ec0000  0x29000   c:\windows\system32\WINSTA.dll
0x77bd0000  0x19d000  C:\Windows\system32\SETUPAPI.dll
0x761d0000  0x27000   C:\Windows\system32\CFGMGR32.dll
0x77810000  0xa0000   C:\Windows\system32\ADVAPI32.dll
0x764f0000  0x8f000   C:\Windows\system32\OLEAUT32.dll
0x762b0000  0x15c000  C:\Windows\system32\ole32.dll
0x76060000  0x12000   C:\Windows\system32\DEVOBJ.dll
0x75510000  0xb000    c:\windows\system32\pcwum.DLL
0x75430000  0x5f000   c:\windows\system32\rpcss.dll
0x75de0000  0x1b000   c:\windows\system32\SspiCli.dll
0x75620000  0x8000    C:\Windows\system32\credssp.dll
0x778b0000  0x83000   C:\Windows\system32\CLBCatQ.DLL
0x75490000  0x21000   C:\Windows\system32\ntmarta.dll
0x77f50000  0x45000   C:\Windows\system32\WLDAP32.dll
0x71cd0000  0x23000   C:\Windows\system32\wbem\wmidcprv.dll
0x71bf0000  0x96000   C:\Windows\system32\wbem\FastProx.dll
0x71da0000  0x5c000   C:\Windows\system32\wbemcomn.dll
0x77a10000  0x35000   C:\Windows\system32\WS2_32.dll
0x77eb0000  0x6000    C:\Windows\system32\NSI.dll
0x71b90000  0x18000   C:\Windows\system32\NTDSAPI.dll
0x71b80000  0xa000    C:\Windows\system32\wbem\wbemprox.dll
0x75980000  0x16000   C:\Windows\system32\CRYPTSP.dll
0x75720000  0x3b000   C:\Windows\system32\rsaenh.dll
0x71850000  0xf000    C:\Windows\system32\wbem\wbemsvc.dll
0x71830000  0x17000   C:\Windows\system32\wbem\wmiutils.dll
0x761a0000  0x2d000   C:\Windows\system32\WINTRUST.dll
0x76080000  0x11e000  C:\Windows\system32\CRYPT32.dll
0x75f70000  0xc000    C:\Windows\system32\MSASN1.dll
0x75e00000  0x4c000   C:\Windows\system32\apphelp.dll
0x75500000  0xd000    C:\Windows\system32\WTSAPI32.dll
------------------------------------------------------------------------------
VBoxService.exe pid: 692
Command line: system32\VBoxService.exe

Base        Size      Path
0x00a70000  0x167000  C:\Windows\system32\VBoxService.exe
0x77d70000  0x13c000  C:\Windows\SYSTEM32\ntdll.dll
0x76410000  0xd4000   C:\Windows\system32\kernel32.dll
0x76010000  0x4b000   C:\Windows\system32\KERNELBASE.dll
0x75ca0000  0x8000    C:\Windows\system32\Secur32.dll
0x75de0000  0x1b000   C:\Windows\system32\SSPICLI.DLL
0x76200000  0xac000   C:\Windows\system32\msvcrt.dll
0x77760000  0xa1000   C:\Windows\system32\RPCRT4.dll
0x75500000  0xd000    C:\Windows\system32\WTSAPI32.dll
0x77ec0000  0x5000    C:\Windows\system32\PSAPI.DLL
0x77810000  0xa0000   C:\Windows\system32\ADVAPI32.dll
0x77380000  0x19000   C:\Windows\SYSTEM32\sechost.dll
0x754f0000  0x9000    C:\Windows\system32\VERSION.dll
0x77a10000  0x35000   C:\Windows\system32\WS2_32.dll
0x77eb0000  0x6000    C:\Windows\system32\NSI.dll
0x754d0000  0x1c000   C:\Windows\system32\IPHLPAPI.DLL
0x754c0000  0x7000    C:\Windows\system32\WINNSI.DLL
0x75490000  0x21000   C:\Windows\system32\ntmarta.dll
0x77f50000  0x45000   C:\Windows\system32\WLDAP32.dll
0x75410000  0x12000   C:\Windows\system32\dhcpcsvc.DLL
0x75940000  0x3c000   C:\Windows\system32\mswsock.dll
0x77570000  0xc9000   C:\Windows\system32\user32.dll
0x77ee0000  0x4e000   C:\Windows\system32\GDI32.dll
0x77ed0000  0xa000    C:\Windows\system32\LPK.dll
0x77940000  0x9d000   C:\Windows\system32\USP10.dll
0x77f30000  0x1f000   C:\Windows\system32\IMM32.DLL
0x76660000  0xcc000   C:\Windows\system32\MSCTF.dll
0x75400000  0x5000    C:\Windows\System32\wshtcpip.dll
0x75ec0000  0x29000   C:\Windows\system32\WINSTA.dll
------------------------------------------------------------------------------
svchost.exe pid: 748
Command line: C:\Windows\system32\svchost.exe -k RPCSS

Base        Size      Path
0x00d70000  0x8000    C:\Windows\system32\svchost.exe
0x77d70000  0x13c000  C:\Windows\SYSTEM32\ntdll.dll
0x76410000  0xd4000   C:\Windows\system32\kernel32.dll
0x76010000  0x4b000   C:\Windows\system32\KERNELBASE.dll
0x76200000  0xac000   C:\Windows\system32\msvcrt.dll
0x77380000  0x19000   C:\Windows\SYSTEM32\sechost.dll
0x77760000  0xa1000   C:\Windows\system32\RPCRT4.dll
0x75270000  0xe000    c:\windows\system32\rpcepmap.dll
0x75ef0000  0xe000    C:\Windows\system32\RpcRtRemote.dll
0x75ca0000  0x8000    C:\Windows\system32\secur32.dll
0x75de0000  0x1b000   C:\Windows\system32\SSPICLI.DLL
0x75620000  0x8000    C:\Windows\system32\credssp.dll
0x75e50000  0xc000    C:\Windows\system32\CRYPTBASE.dll
0x75430000  0x5f000   c:\windows\system32\rpcss.dll
0x77810000  0xa0000   C:\Windows\system32\ADVAPI32.dll
0x75980000  0x16000   C:\Windows\system32\CRYPTSP.dll
0x75720000  0x3b000   C:\Windows\system32\rsaenh.dll
0x77a10000  0x35000   C:\Windows\system32\WS2_32.dll
0x77eb0000  0x6000    C:\Windows\system32\NSI.dll
0x75940000  0x3c000   C:\Windows\system32\mswsock.dll
0x77570000  0xc9000   C:\Windows\system32\user32.dll
0x77ee0000  0x4e000   C:\Windows\system32\GDI32.dll
0x77ed0000  0xa000    C:\Windows\system32\LPK.dll
0x77940000  0x9d000   C:\Windows\system32\USP10.dll
0x77f30000  0x1f000   C:\Windows\system32\IMM32.DLL
0x76660000  0xcc000   C:\Windows\system32\MSCTF.dll
0x75400000  0x5000    C:\Windows\System32\wshtcpip.dll
0x75930000  0x6000    C:\Windows\System32\wship6.dll
0x75380000  0x76000   C:\Windows\system32\FirewallAPI.dll
0x754f0000  0x9000    C:\Windows\system32\VERSION.dll
0x778b0000  0x83000   C:\Windows\system32\CLBCatQ.DLL
0x762b0000  0x15c000  C:\Windows\system32\ole32.dll
0x764f0000  0x8f000   C:\Windows\system32\OLEAUT32.dll
0x73f10000  0x38000   C:\Windows\system32\fwpuclnt.dll
------------------------------------------------------------------------------
svchost.exe pid: 856
Command line: C:\Windows\System32\svchost.exe -k LocalServiceNetworkRestricted

Base        Size      Path
0x00d70000  0x8000    C:\Windows\System32\svchost.exe
0x77d70000  0x13c000  C:\Windows\SYSTEM32\ntdll.dll
0x76410000  0xd4000   C:\Windows\system32\kernel32.dll
0x76010000  0x4b000   C:\Windows\system32\KERNELBASE.dll
0x76200000  0xac000   C:\Windows\system32\msvcrt.dll
0x77380000  0x19000   C:\Windows\SYSTEM32\sechost.dll
0x77760000  0xa1000   C:\Windows\system32\RPCRT4.dll
0x762b0000  0x15c000  C:\Windows\system32\ole32.dll
0x77ee0000  0x4e000   C:\Windows\system32\GDI32.dll
0x77570000  0xc9000   C:\Windows\system32\USER32.dll
0x77ed0000  0xa000    C:\Windows\system32\LPK.dll
0x77940000  0x9d000   C:\Windows\system32\USP10.dll
0x77f30000  0x1f000   C:\Windows\system32\IMM32.DLL
0x76660000  0xcc000   C:\Windows\system32\MSCTF.dll
0x75e50000  0xc000    C:\Windows\System32\CRYPTBASE.dll
0x77810000  0xa0000   C:\Windows\system32\ADVAPI32.dll
0x75160000  0x10c000  c:\windows\system32\wevtsvc.dll
0x75ef0000  0xe000    C:\Windows\System32\RpcRtRemote.dll
0x75ca0000  0x8000    C:\Windows\System32\secur32.dll
0x75de0000  0x1b000   C:\Windows\System32\SSPICLI.DLL
0x75620000  0x8000    C:\Windows\System32\credssp.dll
0x77a10000  0x35000   C:\Windows\system32\WS2_32.dll
0x77eb0000  0x6000    C:\Windows\system32\NSI.dll
0x75940000  0x3c000   C:\Windows\system32\mswsock.dll
0x75400000  0x5000    C:\Windows\System32\wshtcpip.dll
0x75930000  0x6000    C:\Windows\System32\wship6.dll
0x75540000  0x16000   C:\Windows\System32\GPAPI.dll
0x75300000  0x7a000   c:\windows\system32\audiosrv.dll
0x752d0000  0x25000   c:\windows\system32\POWRPROF.dll
0x77bd0000  0x19d000  C:\Windows\system32\SETUPAPI.dll
0x761d0000  0x27000   C:\Windows\system32\CFGMGR32.dll
0x764f0000  0x8f000   C:\Windows\system32\OLEAUT32.dll
0x76060000  0x12000   C:\Windows\system32\DEVOBJ.dll
0x74c30000  0x39000   c:\windows\system32\MMDevAPI.DLL
0x74b30000  0xf5000   c:\windows\system32\PROPSYS.dll
0x75280000  0x7000    c:\windows\system32\AVRT.dll
0x778b0000  0x83000   C:\Windows\system32\CLBCatQ.DLL
0x75ec0000  0x29000   C:\Windows\System32\WINSTA.dll
0x77a50000  0x57000   C:\Windows\system32\SHLWAPI.dll
0x75980000  0x16000   C:\Windows\System32\CRYPTSP.dll
0x740e0000  0x8000    c:\windows\system32\lmhsvc.dll
0x754d0000  0x1c000   c:\windows\system32\IPHLPAPI.DLL
0x754c0000  0x7000    c:\windows\system32\WINNSI.DLL
0x74080000  0x6000    c:\windows\system32\nrpsrv.DLL
0x75720000  0x3b000   C:\Windows\system32\rsaenh.dll
0x74040000  0x40000   c:\windows\system32\dhcpcore.dll
0x75800000  0x44000   c:\windows\system32\DNSAPI.dll
0x75380000  0x76000   C:\Windows\System32\firewallapi.dll
0x754f0000  0x9000    C:\Windows\System32\VERSION.dll
0x74000000  0x31000   C:\Windows\System32\dhcpcore6.dll
0x74490000  0x36000   C:\Windows\System32\audioses.dll
0x73da0000  0xd000    C:\Windows\System32\dhcpcsvc6.DLL
0x75410000  0x12000   C:\Windows\System32\dhcpcsvc.DLL
------------------------------------------------------------------------------
svchost.exe pid: 896
Command line: C:\Windows\System32\svchost.exe -k LocalSystemNetworkRestricted

Base        Size      Path
0x00d70000  0x8000    C:\Windows\System32\svchost.exe
0x77d70000  0x13c000  C:\Windows\SYSTEM32\ntdll.dll
0x76410000  0xd4000   C:\Windows\system32\kernel32.dll
0x76010000  0x4b000   C:\Windows\system32\KERNELBASE.dll
0x76200000  0xac000   C:\Windows\system32\msvcrt.dll
0x77380000  0x19000   C:\Windows\SYSTEM32\sechost.dll
0x77760000  0xa1000   C:\Windows\system32\RPCRT4.dll
0x762b0000  0x15c000  C:\Windows\system32\ole32.dll
0x77ee0000  0x4e000   C:\Windows\system32\GDI32.dll
0x77570000  0xc9000   C:\Windows\system32\USER32.dll
0x77ed0000  0xa000    C:\Windows\system32\LPK.dll
0x77940000  0x9d000   C:\Windows\system32\USP10.dll
0x77f30000  0x1f000   C:\Windows\system32\IMM32.DLL
0x76660000  0xcc000   C:\Windows\system32\MSCTF.dll
0x75e50000  0xc000    C:\Windows\System32\CRYPTBASE.dll
0x77810000  0xa0000   C:\Windows\system32\ADVAPI32.dll
0x75300000  0x7a000   c:\windows\system32\audiosrv.dll
0x752d0000  0x25000   c:\windows\system32\POWRPROF.dll
0x77bd0000  0x19d000  C:\Windows\system32\SETUPAPI.dll
0x761d0000  0x27000   C:\Windows\system32\CFGMGR32.dll
0x764f0000  0x8f000   C:\Windows\system32\OLEAUT32.dll
0x76060000  0x12000   C:\Windows\system32\DEVOBJ.dll
0x74c30000  0x39000   c:\windows\system32\MMDevAPI.DLL
0x74b30000  0xf5000   c:\windows\system32\PROPSYS.dll
0x75280000  0x7000    c:\windows\system32\AVRT.dll
0x778b0000  0x83000   C:\Windows\system32\CLBCatQ.DLL
0x77a50000  0x57000   C:\Windows\system32\SHLWAPI.dll
0x746b0000  0x88000   c:\windows\system32\cscsvc.dll
0x75560000  0x17000   c:\windows\system32\USERENV.dll
0x75f00000  0xb000    c:\windows\system32\profapi.dll
0x75510000  0xb000    C:\Windows\System32\pcwum.dll
0x74560000  0x25000   C:\Windows\System32\PeerDist.dll
0x75af0000  0x1b000   C:\Windows\System32\AUTHZ.dll
0x74410000  0x7d000   C:\Windows\system32\taskschd.dll
0x75de0000  0x1b000   C:\Windows\System32\SspiCli.dll
0x743d0000  0x35000   C:\Windows\System32\mstask.dll
0x74d00000  0x19e000  C:\Windows\WinSxS\x86_microsoft.windows.common-controls_6595b64144ccf1df_6.0.7601.17514_none_41e6975e2bd6f2b2\COMCTL32.dll
0x75980000  0x16000   C:\Windows\System32\CRYPTSP.dll
0x75720000  0x3b000   C:\Windows\system32\rsaenh.dll
0x75ef0000  0xe000    C:\Windows\System32\RpcRtRemote.dll
0x75500000  0xd000    C:\Windows\System32\WTSAPI32.dll
0x75ec0000  0x29000   C:\Windows\System32\WINSTA.dll
0x75540000  0x16000   C:\Windows\System32\GPAPI.dll
0x740a0000  0xb000    c:\windows\system32\uxsms.dll
0x71e30000  0x11e000  c:\windows\system32\sysmain.dll
0x76730000  0xc4a000  C:\Windows\system32\SHELL32.dll
0x71d80000  0x15000   c:\windows\system32\trkwks.dll
0x75490000  0x21000   C:\Windows\System32\ntmarta.dll
0x77f50000  0x45000   C:\Windows\system32\WLDAP32.dll
0x714a0000  0x15000   c:\windows\system32\wdi.dll
0x713f0000  0xa000    C:\Windows\SYSTEM32\APPHLPDM.DLL
0x71380000  0x61000   C:\Windows\System32\wer.dll
0x75e00000  0x4c000   C:\Windows\System32\apphelp.dll
0x74840000  0x2f000   C:\Windows\System32\XmlLite.dll
0x72a70000  0x47000   c:\windows\system32\netman.dll
0x77eb0000  0x6000    C:\Windows\system32\NSI.dll
0x754c0000  0x7000    c:\windows\system32\WINNSI.DLL
0x72c70000  0x265000  C:\Windows\System32\netshell.dll
0x754d0000  0x1c000   C:\Windows\System32\IPHLPAPI.DLL
0x745c0000  0x10000   C:\Windows\System32\nlaapi.dll
0x729a0000  0xc1000   C:\Windows\System32\RASDLG.dll
0x71610000  0x29000   C:\Windows\System32\MPRAPI.dll
0x72940000  0x52000   C:\Windows\System32\RASAPI32.dll
0x73de0000  0x15000   C:\Windows\System32\rasman.dll
0x77a10000  0x35000   C:\Windows\system32\WS2_32.dll
0x740f0000  0xd000    C:\Windows\System32\rtutils.dll
0x744e0000  0x9000    C:\Windows\System32\dsrole.dll
0x761a0000  0x2d000   C:\Windows\system32\WINTRUST.dll
0x76080000  0x11e000  C:\Windows\system32\CRYPT32.dll
0x75f70000  0xc000    C:\Windows\system32\MSASN1.dll
0x71b10000  0x67000   C:\Windows\system32\netcfgx.dll
0x744d0000  0xa000    C:\Windows\system32\slc.dll
0x75700000  0xe000    C:\Windows\System32\devrtl.DLL
0x71a00000  0x4a000   C:\Windows\system32\hnetcfg.dll
0x74500000  0x14000   C:\Windows\system32\ATL.DLL
0x71b80000  0xa000    C:\Windows\system32\wbem\wbemprox.dll
0x71da0000  0x5c000   C:\Windows\system32\wbemcomn.dll
0x71850000  0xf000    C:\Windows\system32\wbem\wbemsvc.dll
0x71bf0000  0x96000   C:\Windows\system32\wbem\fastprox.dll
0x71b90000  0x18000   C:\Windows\system32\NTDSAPI.dll
0x72850000  0x25000   C:\Windows\system32\cscobj.dll
0x75ca0000  0x8000    C:\Windows\System32\secur32.dll
0x75620000  0x8000    C:\Windows\System32\credssp.dll
------------------------------------------------------------------------------
svchost.exe pid: 936
Command line: C:\Windows\system32\svchost.exe -k netsvcs

Base        Size      Path
0x00d70000  0x8000    C:\Windows\system32\svchost.exe
0x77d70000  0x13c000  C:\Windows\SYSTEM32\ntdll.dll
0x76410000  0xd4000   C:\Windows\system32\kernel32.dll
0x76010000  0x4b000   C:\Windows\system32\KERNELBASE.dll
0x76200000  0xac000   C:\Windows\system32\msvcrt.dll
0x77380000  0x19000   C:\Windows\SYSTEM32\sechost.dll
0x77760000  0xa1000   C:\Windows\system32\RPCRT4.dll
0x762b0000  0x15c000  C:\Windows\system32\ole32.dll
0x77ee0000  0x4e000   C:\Windows\system32\GDI32.dll
0x77570000  0xc9000   C:\Windows\system32\USER32.dll
0x77ed0000  0xa000    C:\Windows\system32\LPK.dll
0x77940000  0x9d000   C:\Windows\system32\USP10.dll
0x77f30000  0x1f000   C:\Windows\system32\IMM32.DLL
0x76660000  0xcc000   C:\Windows\system32\MSCTF.dll
0x75e50000  0xc000    C:\Windows\system32\CRYPTBASE.dll
0x77810000  0xa0000   C:\Windows\system32\ADVAPI32.dll
0x74ce0000  0x12000   c:\windows\system32\mmcss.dll
0x75280000  0x7000    c:\windows\system32\AVRT.dll
0x74610000  0x93000   c:\windows\system32\gpsvc.dll
0x75540000  0x16000   c:\windows\system32\GPAPI.dll
0x77f50000  0x45000   C:\Windows\system32\WLDAP32.dll
0x75ca0000  0x8000    c:\windows\system32\Secur32.dll
0x75de0000  0x1b000   C:\Windows\system32\SSPICLI.DLL
0x77eb0000  0x6000    C:\Windows\system32\NSI.dll
0x75cb0000  0x7000    c:\windows\system32\SYSNTFY.dll
0x745c0000  0x10000   c:\windows\system32\nlaapi.dll
0x74520000  0x2b000   c:\windows\system32\profsvc.dll
0x764f0000  0x8f000   C:\Windows\system32\OLEAUT32.dll
0x75560000  0x17000   c:\windows\system32\USERENV.dll
0x75f00000  0xb000    c:\windows\system32\profapi.dll
0x77a50000  0x57000   C:\Windows\system32\SHLWAPI.dll
0x74500000  0x14000   c:\windows\system32\ATL.DLL
0x75ef0000  0xe000    C:\Windows\system32\RpcRtRemote.dll
0x744f0000  0xc000    c:\windows\system32\themeservice.dll
0x744e0000  0x9000    C:\Windows\system32\dsrole.dll
0x778b0000  0x83000   C:\Windows\system32\CLBCatQ.DLL
0x744d0000  0xa000    C:\Windows\system32\slc.dll
0x75ec0000  0x29000   C:\Windows\system32\WINSTA.dll
0x75980000  0x16000   C:\Windows\system32\CRYPTSP.dll
0x75720000  0x3b000   C:\Windows\system32\rsaenh.dll
0x74220000  0xf000    c:\windows\system32\sens.dll
0x77a10000  0x35000   C:\Windows\system32\WS2_32.dll
0x75290000  0x12000   C:\Windows\system32\SAMLIB.dll
0x73d40000  0x52000   c:\windows\system32\shsvcs.dll
0x761d0000  0x27000   C:\Windows\system32\CFGMGR32.dll
0x73b20000  0xba000   c:\windows\system32\schedsvc.dll
0x75510000  0xb000    c:\windows\system32\pcwum.dll
0x76730000  0xc4a000  C:\Windows\system32\SHELL32.dll
0x74230000  0x11000   c:\windows\system32\NETAPI32.dll
0x740d0000  0x9000    c:\windows\system32\netutils.dll
0x75b90000  0x19000   c:\windows\system32\srvcli.dll
0x740c0000  0xf000    c:\windows\system32\wkscli.dll
0x75b20000  0x42000   c:\windows\system32\wevtapi.dll
0x75af0000  0x1b000   c:\windows\system32\AUTHZ.dll
0x755f0000  0x2c000   c:\windows\system32\UBPM.dll
0x73b10000  0x9000    c:\windows\system32\ktmw32.dll
0x74840000  0x2f000   c:\windows\system32\XmlLite.dll
0x77bd0000  0x19d000  C:\Windows\system32\SETUPAPI.dll
0x76060000  0x12000   C:\Windows\system32\DEVOBJ.dll
0x75620000  0x8000    C:\Windows\system32\credssp.dll
0x761a0000  0x2d000   C:\Windows\system32\WINTRUST.dll
0x76080000  0x11e000  C:\Windows\system32\CRYPT32.dll
0x75f70000  0xc000    C:\Windows\system32\MSASN1.dll
0x73ab0000  0x43000   C:\Windows\system32\FVEAPI.dll
0x73aa0000  0x7000    C:\Windows\system32\tbs.dll
0x73a90000  0x8000    C:\Windows\system32\FVECERTS.dll
0x757d0000  0x22000   C:\Windows\system32\LOGONCLI.DLL
0x73a80000  0xb000    C:\Windows\system32\wiarpc.dll
0x73a30000  0x4d000   C:\Windows\system32\taskcomp.dll
0x754f0000  0x9000    C:\Windows\system32\VERSION.dll
0x75490000  0x21000   C:\Windows\system32\ntmarta.dll
0x75940000  0x3c000   C:\Windows\system32\mswsock.dll
0x75400000  0x5000    C:\Windows\System32\wshtcpip.dll
0x74c90000  0x40000   C:\Windows\system32\UxTheme.dll
0x75930000  0x6000    C:\Windows\System32\wship6.dll
0x75a50000  0x2b000   C:\Windows\system32\netjoin.dll
0x75500000  0xd000    C:\Windows\system32\WTSAPI32.dll
0x75e00000  0x4c000   C:\Windows\system32\apphelp.dll
0x74d00000  0x19e000  C:\Windows\WinSxS\x86_microsoft.windows.common-controls_6595b64144ccf1df_6.0.7601.17514_none_41e6975e2bd6f2b2\comctl32.dll
0x74b30000  0xf5000   C:\Windows\system32\PROPSYS.dll
0x72640000  0x8000    C:\Windows\system32\tschannel.dll
0x71e00000  0x2b000   c:\windows\system32\wbem\wmisvc.dll
0x71da0000  0x5c000   C:\Windows\system32\wbemcomn.dll
0x71d00000  0x7d000   c:\windows\system32\iphlpsvc.dll
0x754c0000  0x7000    c:\windows\system32\WINNSI.DLL
0x75380000  0x76000   c:\windows\system32\FirewallAPI.dll
0x754d0000  0x1c000   c:\windows\system32\IPHLPAPI.DLL
0x73f10000  0x38000   c:\windows\system32\fwpuclnt.dll
0x740f0000  0xd000    c:\windows\system32\rtutils.dll
0x71c90000  0x33000   c:\windows\system32\sqmapi.dll
0x71bb0000  0x32000   c:\windows\system32\WDSCORE.dll
0x71ab0000  0x2c000   c:\windows\system32\srvsvc.dll
0x71a90000  0x1b000   c:\windows\system32\browser.dll
0x71b10000  0x67000   C:\Windows\system32\netcfgx.dll
0x71b00000  0x6000    C:\Windows\system32\SSCORE.DLL
0x71a50000  0x3b000   C:\Windows\system32\CLUSAPI.DLL
0x75b70000  0x11000   C:\Windows\system32\cryptdll.dll
0x71ae0000  0x14000   C:\Windows\system32\RESUTILS.DLL
0x75700000  0xe000    C:\Windows\system32\devrtl.DLL
0x71a00000  0x4a000   C:\Windows\system32\hnetcfg.dll
0x72230000  0x116000  C:\Windows\system32\VSSAPI.DLL
0x72220000  0x10000   C:\Windows\system32\VssTrace.DLL
0x71b80000  0xa000    C:\Windows\system32\wbem\wbemprox.dll
0x719a0000  0x5a000   C:\Windows\System32\netprofm.dll
0x740b0000  0xf000    C:\Windows\system32\samcli.dll
0x71980000  0x16000   C:\Windows\system32\NCI.dll
0x75580000  0x15000   C:\Windows\system32\SPINF.dll
0x74320000  0x47000   C:\Windows\system32\es.dll
0x718b0000  0xc2000   C:\Windows\system32\wbem\wbemcore.dll
0x71860000  0x44000   C:\Windows\system32\wbem\esscli.dll
0x71bf0000  0x96000   C:\Windows\system32\wbem\FastProx.dll
0x71b90000  0x18000   C:\Windows\system32\NTDSAPI.dll
0x71850000  0xf000    C:\Windows\system32\wbem\wbemsvc.dll
0x71830000  0x17000   C:\Windows\system32\wbem\wmiutils.dll
0x717e0000  0x4c000   C:\Windows\system32\wbem\repdrvfs.dll
0x717c0000  0xd000    C:\Windows\system32\ndiscapCfg.dll
0x71640000  0x17000   C:\Windows\system32\rascfg.dll
0x71610000  0x29000   C:\Windows\system32\MPRAPI.dll
0x715e0000  0x30000   C:\Windows\system32\tcpipcfg.dll
0x75410000  0x12000   C:\Windows\system32\dhcpcsvc.DLL
0x75800000  0x44000   C:\Windows\system32\DNSAPI.dll
0x73da0000  0xd000    C:\Windows\system32\dhcpcsvc6.DLL
0x71550000  0x81000   C:\Windows\system32\wbem\wmiprvsd.dll
0x71540000  0xf000    C:\Windows\system32\NCObjAPI.DLL
0x714e0000  0x56000   C:\Windows\system32\wbem\wbemess.dll
0x714c0000  0x6000    C:\Windows\system32\rasadhlp.dll
0x71490000  0xf000    c:\windows\system32\appinfo.dll
0x71240000  0x8000    C:\Windows\System32\npmproxy.dll
0x75e60000  0x5f000   C:\Windows\system32\SXS.DLL
0x70d00000  0x4e000   C:\Windows\system32\actxprxy.dll
Error opening audiodg.exe(1012):
Acceso denegado.

------------------------------------------------------------------------------
svchost.exe pid: 1088
Command line: C:\Windows\system32\svchost.exe -k LocalService

Base        Size      Path
0x00d70000  0x8000    C:\Windows\system32\svchost.exe
0x77d70000  0x13c000  C:\Windows\SYSTEM32\ntdll.dll
0x76410000  0xd4000   C:\Windows\system32\kernel32.dll
0x76010000  0x4b000   C:\Windows\system32\KERNELBASE.dll
0x76200000  0xac000   C:\Windows\system32\msvcrt.dll
0x77380000  0x19000   C:\Windows\SYSTEM32\sechost.dll
0x77760000  0xa1000   C:\Windows\system32\RPCRT4.dll
0x762b0000  0x15c000  C:\Windows\system32\ole32.dll
0x77ee0000  0x4e000   C:\Windows\system32\GDI32.dll
0x77570000  0xc9000   C:\Windows\system32\USER32.dll
0x77ed0000  0xa000    C:\Windows\system32\LPK.dll
0x77940000  0x9d000   C:\Windows\system32\USP10.dll
0x77f30000  0x1f000   C:\Windows\system32\IMM32.DLL
0x76660000  0xcc000   C:\Windows\system32\MSCTF.dll
0x75e50000  0xc000    C:\Windows\system32\CRYPTBASE.dll
0x77810000  0xa0000   C:\Windows\system32\ADVAPI32.dll
0x74320000  0x47000   c:\windows\system32\es.dll
0x764f0000  0x8f000   C:\Windows\system32\OLEAUT32.dll
0x75980000  0x16000   C:\Windows\system32\CRYPTSP.dll
0x75720000  0x3b000   C:\Windows\system32\rsaenh.dll
0x75ef0000  0xe000    C:\Windows\system32\RpcRtRemote.dll
0x778b0000  0x83000   C:\Windows\system32\CLBCatQ.DLL
0x74090000  0x8000    c:\windows\system32\nsisvc.dll
0x77eb0000  0x6000    C:\Windows\system32\NSI.dll
0x75e60000  0x5f000   C:\Windows\system32\SXS.DLL
0x719a0000  0x5a000   c:\windows\system32\netprofm.dll
0x745c0000  0x10000   c:\windows\system32\nlaapi.dll
0x714a0000  0x15000   c:\windows\system32\wdi.dll
0x71400000  0x90000   C:\Windows\system32\perftrack.dll
0x71380000  0x61000   C:\Windows\system32\wer.dll
0x74c70000  0x13000   C:\Windows\system32\dwmapi.dll
0x75ca0000  0x8000    C:\Windows\system32\Secur32.dll
0x75de0000  0x1b000   C:\Windows\system32\SSPICLI.DLL
0x71280000  0x12000   C:\Windows\system32\AEPIC.dll
0x71270000  0x3000    C:\Windows\system32\sfc.dll
0x71260000  0xd000    C:\Windows\system32\sfc_os.DLL
0x754f0000  0x9000    C:\Windows\system32\VERSION.dll
0x75e00000  0x4c000   C:\Windows\system32\apphelp.dll
0x71240000  0x8000    C:\Windows\System32\npmproxy.dll
0x77a10000  0x35000   C:\Windows\system32\WS2_32.dll
0x754d0000  0x1c000   C:\Windows\system32\IPHLPAPI.DLL
0x754c0000  0x7000    C:\Windows\system32\WINNSI.DLL
0x75540000  0x16000   C:\Windows\system32\GPAPI.dll
0x71ff0000  0x58000   C:\Windows\system32\winhttp.dll
0x71fa0000  0x4f000   C:\Windows\system32\webio.dll
0x77a50000  0x57000   C:\Windows\system32\SHLWAPI.dll
0x75620000  0x8000    C:\Windows\system32\credssp.dll
0x75800000  0x44000   C:\Windows\system32\DNSAPI.dll
0x71230000  0x10000   C:\Windows\system32\napinsp.dll
0x71210000  0x12000   C:\Windows\system32\pnrpnsp.dll
0x75940000  0x3c000   C:\Windows\System32\mswsock.dll
0x71200000  0x8000    C:\Windows\System32\winrnr.dll
0x75400000  0x5000    C:\Windows\System32\wshtcpip.dll
0x75930000  0x6000    C:\Windows\System32\wship6.dll
0x714c0000  0x6000    C:\Windows\system32\rasadhlp.dll
0x73f10000  0x38000   C:\Windows\System32\fwpuclnt.dll
0x73da0000  0xd000    C:\Windows\system32\dhcpcsvc6.DLL
0x75410000  0x12000   C:\Windows\system32\dhcpcsvc.DLL
------------------------------------------------------------------------------
svchost.exe pid: 1204
Command line: C:\Windows\system32\svchost.exe -k NetworkService

Base        Size      Path
0x00d70000  0x8000    C:\Windows\system32\svchost.exe
0x77d70000  0x13c000  C:\Windows\SYSTEM32\ntdll.dll
0x76410000  0xd4000   C:\Windows\system32\kernel32.dll
0x76010000  0x4b000   C:\Windows\system32\KERNELBASE.dll
0x76200000  0xac000   C:\Windows\system32\msvcrt.dll
0x77380000  0x19000   C:\Windows\SYSTEM32\sechost.dll
0x77760000  0xa1000   C:\Windows\system32\RPCRT4.dll
0x762b0000  0x15c000  C:\Windows\system32\ole32.dll
0x77ee0000  0x4e000   C:\Windows\system32\GDI32.dll
0x77570000  0xc9000   C:\Windows\system32\USER32.dll
0x77ed0000  0xa000    C:\Windows\system32\LPK.dll
0x77940000  0x9d000   C:\Windows\system32\USP10.dll
0x77f30000  0x1f000   C:\Windows\system32\IMM32.DLL
0x76660000  0xcc000   C:\Windows\system32\MSCTF.dll
0x75e50000  0xc000    C:\Windows\system32\CRYPTBASE.dll
0x77810000  0xa0000   C:\Windows\system32\ADVAPI32.dll
0x73f50000  0x23000   c:\windows\system32\dnsrslvr.dll
0x77a10000  0x35000   C:\Windows\system32\WS2_32.dll
0x77eb0000  0x6000    C:\Windows\system32\NSI.dll
0x75800000  0x44000   c:\windows\system32\DNSAPI.dll
0x754c0000  0x7000    c:\windows\system32\WINNSI.DLL
0x73f10000  0x38000   C:\Windows\system32\Fwpuclnt.dll
0x73e80000  0x5000    C:\Windows\System32\dnsext.dll
0x75560000  0x17000   C:\Windows\system32\USERENV.dll
0x75f00000  0xb000    C:\Windows\system32\profapi.dll
0x75540000  0x16000   C:\Windows\system32\GPAPI.dll
0x75940000  0x3c000   C:\Windows\system32\mswsock.dll
0x75ef0000  0xe000    C:\Windows\system32\RpcRtRemote.dll
0x75930000  0x6000    C:\Windows\System32\wship6.dll
0x754d0000  0x1c000   C:\Windows\system32\iphlpapi.dll
0x75410000  0x12000   C:\Windows\system32\dhcpcsvc.DLL
0x73da0000  0xd000    C:\Windows\system32\dhcpcsvc6.DLL
0x723e0000  0x17000   c:\windows\system32\wkssvc.dll
0x740d0000  0x9000    c:\windows\system32\netutils.dll
0x75a50000  0x2b000   c:\windows\system32\netjoin.dll
0x75de0000  0x1b000   C:\Windows\system32\SspiCli.dll
0x723a0000  0x25000   c:\windows\system32\cryptsvc.dll
0x72380000  0x1c000   c:\windows\system32\CRYPTNET.dll
0x76080000  0x11e000  C:\Windows\system32\CRYPT32.dll
0x75f70000  0xc000    C:\Windows\system32\MSASN1.dll
0x77f50000  0x45000   C:\Windows\system32\WLDAP32.dll
0x72230000  0x116000  C:\Windows\system32\VSSAPI.DLL
0x74500000  0x14000   C:\Windows\system32\ATL.DLL
0x72220000  0x10000   C:\Windows\system32\VssTrace.DLL
0x764f0000  0x8f000   C:\Windows\system32\OLEAUT32.dll
0x740b0000  0xf000    C:\Windows\system32\samcli.dll
0x75290000  0x12000   C:\Windows\system32\SAMLIB.dll
0x72150000  0x3e000   c:\windows\system32\nlasvc.dll
0x75b20000  0x42000   c:\windows\system32\wevtapi.dll
0x72050000  0x28000   c:\windows\system32\ncsi.dll
0x71ff0000  0x58000   c:\windows\system32\WINHTTP.dll
0x71fa0000  0x4f000   c:\windows\system32\webio.dll
0x761d0000  0x27000   C:\Windows\system32\CFGMGR32.dll
0x75980000  0x16000   C:\Windows\system32\CRYPTSP.dll
0x75ca0000  0x8000    C:\Windows\system32\secur32.dll
0x75620000  0x8000    C:\Windows\system32\credssp.dll
0x71f50000  0xd000    C:\Windows\system32\ssdpapi.dll
0x75720000  0x3b000   C:\Windows\system32\rsaenh.dll
0x778b0000  0x83000   C:\Windows\system32\CLBCatQ.DLL
0x74320000  0x47000   C:\Windows\system32\es.dll
0x74b30000  0xf5000   C:\Windows\system32\PROPSYS.dll
0x740c0000  0xf000    C:\Windows\system32\wkscli.dll
0x75500000  0xd000    C:\Windows\system32\WTSAPI32.dll
0x75ec0000  0x29000   C:\Windows\system32\WINSTA.dll
0x75400000  0x5000    C:\Windows\System32\wshtcpip.dll
0x77a50000  0x57000   C:\Windows\system32\SHLWAPI.dll
0x757d0000  0x22000   C:\Windows\system32\logoncli.dll
0x75a90000  0x17000   C:\Windows\system32\bcrypt.dll
0x75660000  0x3d000   C:\Windows\system32\bcryptprimitives.dll
0x714c0000  0x6000    C:\Windows\system32\rasadhlp.dll
0x703d0000  0x1a3000  C:\Windows\system32\ESENT.dll
0x77ec0000  0x5000    C:\Windows\system32\psapi.dll
------------------------------------------------------------------------------
taskeng.exe pid: 1388
Command line: taskeng.exe {65CBF8E9-5708-4828-BC1B-F79B92EBE4E2}

Base        Size      Path
0x00500000  0x30000   C:\Windows\system32\taskeng.exe
0x77d70000  0x13c000  C:\Windows\SYSTEM32\ntdll.dll
0x76410000  0xd4000   C:\Windows\system32\kernel32.dll
0x76010000  0x4b000   C:\Windows\system32\KERNELBASE.dll
0x77570000  0xc9000   C:\Windows\system32\USER32.dll
0x77ee0000  0x4e000   C:\Windows\system32\GDI32.dll
0x77ed0000  0xa000    C:\Windows\system32\LPK.dll
0x77940000  0x9d000   C:\Windows\system32\USP10.dll
0x76200000  0xac000   C:\Windows\system32\msvcrt.dll
0x762b0000  0x15c000  C:\Windows\system32\ole32.dll
0x77760000  0xa1000   C:\Windows\system32\RPCRT4.dll
0x764f0000  0x8f000   C:\Windows\system32\OLEAUT32.dll
0x77f30000  0x1f000   C:\Windows\system32\IMM32.DLL
0x76660000  0xcc000   C:\Windows\system32\MSCTF.dll
0x75e50000  0xc000    C:\Windows\system32\CRYPTBASE.dll
0x77380000  0x19000   C:\Windows\SYSTEM32\sechost.dll
0x77810000  0xa0000   C:\Windows\system32\ADVAPI32.dll
0x75980000  0x16000   C:\Windows\system32\CRYPTSP.dll
0x75720000  0x3b000   C:\Windows\system32\rsaenh.dll
0x77a50000  0x57000   C:\Windows\system32\SHLWAPI.dll
0x75de0000  0x1b000   C:\Windows\system32\SspiCli.dll
0x75ef0000  0xe000    C:\Windows\system32\RpcRtRemote.dll
0x778b0000  0x83000   C:\Windows\system32\CLBCatQ.DLL
0x72640000  0x8000    C:\Windows\system32\tschannel.dll
0x74840000  0x2f000   C:\Windows\system32\XmlLite.dll
0x75e00000  0x4c000   C:\Windows\system32\apphelp.dll
------------------------------------------------------------------------------
spoolsv.exe pid: 1396
Command line: C:\Windows\System32\spoolsv.exe

Base        Size      Path
0x007c0000  0x50000   C:\Windows\System32\spoolsv.exe
0x77d70000  0x13c000  C:\Windows\SYSTEM32\ntdll.dll
0x76410000  0xd4000   C:\Windows\system32\kernel32.dll
0x76010000  0x4b000   C:\Windows\system32\KERNELBASE.dll
0x76200000  0xac000   C:\Windows\system32\msvcrt.dll
0x77380000  0x19000   C:\Windows\SYSTEM32\sechost.dll
0x77760000  0xa1000   C:\Windows\system32\RPCRT4.dll
0x77570000  0xc9000   C:\Windows\system32\USER32.dll
0x77ee0000  0x4e000   C:\Windows\system32\GDI32.dll
0x77ed0000  0xa000    C:\Windows\system32\LPK.dll
0x77940000  0x9d000   C:\Windows\system32\USP10.dll
0x752d0000  0x25000   C:\Windows\System32\POWRPROF.dll
0x77bd0000  0x19d000  C:\Windows\system32\SETUPAPI.dll
0x761d0000  0x27000   C:\Windows\system32\CFGMGR32.dll
0x77810000  0xa0000   C:\Windows\system32\ADVAPI32.dll
0x764f0000  0x8f000   C:\Windows\system32\OLEAUT32.dll
0x762b0000  0x15c000  C:\Windows\system32\ole32.dll
0x76060000  0x12000   C:\Windows\system32\DEVOBJ.dll
0x75800000  0x44000   C:\Windows\System32\DNSAPI.dll
0x77a10000  0x35000   C:\Windows\system32\WS2_32.dll
0x77eb0000  0x6000    C:\Windows\system32\NSI.dll
0x77f30000  0x1f000   C:\Windows\system32\IMM32.DLL
0x76660000  0xcc000   C:\Windows\system32\MSCTF.dll
0x75e50000  0xc000    C:\Windows\System32\CRYPTBASE.dll
0x744d0000  0xa000    C:\Windows\System32\slc.dll
0x75ef0000  0xe000    C:\Windows\System32\RpcRtRemote.dll
0x75ca0000  0x8000    C:\Windows\System32\secur32.dll
0x75de0000  0x1b000   C:\Windows\System32\SSPICLI.DLL
0x75620000  0x8000    C:\Windows\System32\credssp.dll
0x75500000  0xd000    C:\Windows\System32\WTSAPI32.dll
0x75ec0000  0x29000   C:\Windows\System32\WINSTA.dll
0x754d0000  0x1c000   C:\Windows\System32\IPHLPAPI.DLL
0x754c0000  0x7000    C:\Windows\System32\WINNSI.DLL
0x75940000  0x3c000   C:\Windows\system32\mswsock.dll
0x75400000  0x5000    C:\Windows\System32\wshtcpip.dll
0x75930000  0x6000    C:\Windows\System32\wship6.dll
0x714c0000  0x6000    C:\Windows\System32\rasadhlp.dll
0x73f10000  0x38000   C:\Windows\System32\fwpuclnt.dll
0x778b0000  0x83000   C:\Windows\system32\CLBCatQ.DLL
0x724b0000  0xf000    C:\Windows\system32\umb.dll
0x74500000  0x14000   C:\Windows\system32\ATL.DLL
0x761a0000  0x2d000   C:\Windows\system32\WINTRUST.dll
0x76080000  0x11e000  C:\Windows\system32\CRYPT32.dll
0x75f70000  0xc000    C:\Windows\system32\MSASN1.dll
0x70c40000  0xbf000   C:\Windows\System32\localspl.dll
0x72490000  0xe000    C:\Windows\System32\SPOOLSS.DLL
0x75b90000  0x19000   C:\Windows\System32\srvcli.dll
0x72430000  0x51000   C:\Windows\system32\winspool.drv
0x72420000  0xc000    C:\Windows\System32\PrintIsolationProxy.dll
0x72410000  0xd000    C:\Windows\System32\FXSMON.DLL
0x70a30000  0x27000   C:\Windows\System32\tcpmon.dll
0x72400000  0x9000    C:\Windows\System32\snmpapi.dll
0x70a20000  0xf000    C:\Windows\System32\wsnmp32.dll
0x71660000  0x157000  C:\Windows\System32\msxml6.dll
0x77a50000  0x57000   C:\Windows\system32\SHLWAPI.dll
0x709b0000  0xb000    C:\Windows\System32\usbmon.dll
0x709a0000  0x6000    C:\Windows\system32\wls0wndh.dll
0x70970000  0x2f000   C:\Windows\System32\WSDMon.dll
0x72190000  0x73000   C:\Windows\System32\wsdapi.dll
0x72080000  0xc2000   C:\Windows\System32\webservices.dll
0x75380000  0x76000   C:\Windows\System32\FirewallAPI.dll
0x754f0000  0x9000    C:\Windows\System32\VERSION.dll
0x71f70000  0x2b000   C:\Windows\system32\FunDisc.dll
0x70920000  0xd000    C:\Windows\system32\fdPnp.dll
0x708b0000  0xb000    C:\Windows\system32\spool\PRTPROCS\W32X86\winprint.dll
0x75560000  0x17000   C:\Windows\System32\USERENV.dll
0x75f00000  0xb000    C:\Windows\System32\profapi.dll
0x75540000  0x16000   C:\Windows\System32\GPAPI.dll
0x744e0000  0x9000    C:\Windows\System32\dsrole.dll
0x75700000  0xe000    C:\Windows\System32\DEVRTL.dll
0x706e0000  0x7c000   C:\Windows\System32\win32spl.dll
0x75580000  0x15000   C:\Windows\System32\SPINF.dll
0x708f0000  0x22000   C:\Windows\System32\inetpp.dll
0x75980000  0x16000   C:\Windows\System32\CRYPTSP.dll
0x724a0000  0xb000    C:\Windows\System32\cscapi.dll
0x740d0000  0x9000    C:\Windows\System32\netutils.dll
0x75720000  0x3b000   C:\Windows\system32\rsaenh.dll
------------------------------------------------------------------------------
svchost.exe pid: 1432
Command line: C:\Windows\system32\svchost.exe -k LocalServiceNoNetwork

Base        Size      Path
0x00d70000  0x8000    C:\Windows\system32\svchost.exe
0x77d70000  0x13c000  C:\Windows\SYSTEM32\ntdll.dll
0x76410000  0xd4000   C:\Windows\system32\kernel32.dll
0x76010000  0x4b000   C:\Windows\system32\KERNELBASE.dll
0x76200000  0xac000   C:\Windows\system32\msvcrt.dll
0x77380000  0x19000   C:\Windows\SYSTEM32\sechost.dll
0x77760000  0xa1000   C:\Windows\system32\RPCRT4.dll
0x762b0000  0x15c000  C:\Windows\system32\ole32.dll
0x77ee0000  0x4e000   C:\Windows\system32\GDI32.dll
0x77570000  0xc9000   C:\Windows\system32\USER32.dll
0x77ed0000  0xa000    C:\Windows\system32\LPK.dll
0x77940000  0x9d000   C:\Windows\system32\USP10.dll
0x77f30000  0x1f000   C:\Windows\system32\IMM32.DLL
0x76660000  0xcc000   C:\Windows\system32\MSCTF.dll
0x75e50000  0xc000    C:\Windows\system32\CRYPTBASE.dll
0x77810000  0xa0000   C:\Windows\system32\ADVAPI32.dll
0x739b0000  0x7e000   c:\windows\system32\bfe.dll
0x75af0000  0x1b000   c:\windows\system32\AUTHZ.dll
0x744d0000  0xa000    c:\windows\system32\slc.dll
0x75de0000  0x1b000   C:\Windows\system32\SspiCli.dll
0x75510000  0xb000    C:\Windows\system32\pcwum.dll
0x75ef0000  0xe000    C:\Windows\system32\RpcRtRemote.dll
0x725b0000  0x8d000   c:\windows\system32\mpssvc.dll
0x75380000  0x76000   c:\windows\system32\FirewallAPI.dll
0x754f0000  0x9000    c:\windows\system32\VERSION.dll
0x73f10000  0x38000   c:\windows\system32\fwpuclnt.dll
0x77eb0000  0x6000    C:\Windows\system32\NSI.dll
0x761d0000  0x27000   C:\Windows\system32\CFGMGR32.dll
0x77a50000  0x57000   C:\Windows\system32\SHLWAPI.dll
0x75ca0000  0x8000    C:\Windows\system32\secur32.dll
0x75620000  0x8000    C:\Windows\system32\credssp.dll
0x75560000  0x17000   C:\Windows\system32\USERENV.dll
0x75f00000  0xb000    C:\Windows\system32\profapi.dll
0x75540000  0x16000   C:\Windows\system32\GPAPI.dll
0x77a10000  0x35000   C:\Windows\system32\WS2_32.dll
0x754d0000  0x1c000   C:\Windows\system32\IPHLPAPI.DLL
0x754c0000  0x7000    C:\Windows\system32\WINNSI.DLL
0x75410000  0x12000   C:\Windows\system32\dhcpcsvc.DLL
0x73da0000  0xd000    C:\Windows\system32\dhcpcsvc6.DLL
0x723d0000  0x8000    C:\Windows\system32\wfapigp.dll
0x72350000  0x25000   c:\windows\system32\dps.dll
0x764f0000  0x8f000   C:\Windows\system32\OLEAUT32.dll
0x778b0000  0x83000   C:\Windows\system32\CLBCatQ.DLL
0x74410000  0x7d000   C:\Windows\system32\taskschd.dll
0x75490000  0x21000   C:\Windows\system32\ntmarta.dll
0x77f50000  0x45000   C:\Windows\system32\WLDAP32.dll
0x75a90000  0x17000   C:\Windows\system32\bcrypt.dll
0x714a0000  0x15000   C:\Windows\system32\wdi.dll
0x712a0000  0xd6000   C:\Windows\system32\diagperf.dll
0x71250000  0x6000    C:\Windows\system32\pnpts.dll
0x719a0000  0x5a000   C:\Windows\System32\netprofm.dll
0x745c0000  0x10000   C:\Windows\System32\nlaapi.dll
0x75980000  0x16000   C:\Windows\system32\CRYPTSP.dll
0x75720000  0x3b000   C:\Windows\system32\rsaenh.dll
0x71240000  0x8000    C:\Windows\System32\npmproxy.dll
0x711e0000  0xb000    C:\Windows\system32\wdiasqmmodule.dll
0x75940000  0x3c000   C:\Windows\system32\mswsock.dll
0x71f60000  0x6000    C:\Windows\System32\wshqos.dll
0x75400000  0x5000    C:\Windows\system32\wshtcpip.DLL
0x75930000  0x6000    C:\Windows\system32\wship6.dll
0x70c20000  0x18000   C:\Windows\system32\radardt.dll
0x75500000  0xd000    C:\Windows\system32\WTSAPI32.dll
------------------------------------------------------------------------------
svchost.exe pid: 1576
Command line: C:\Windows\system32\svchost.exe -k LocalServiceAndNoImpersonation

Base        Size      Path
0x00d70000  0x8000    C:\Windows\system32\svchost.exe
0x77d70000  0x13c000  C:\Windows\SYSTEM32\ntdll.dll
0x76410000  0xd4000   C:\Windows\system32\kernel32.dll
0x76010000  0x4b000   C:\Windows\system32\KERNELBASE.dll
0x76200000  0xac000   C:\Windows\system32\msvcrt.dll
0x77380000  0x19000   C:\Windows\SYSTEM32\sechost.dll
0x77760000  0xa1000   C:\Windows\system32\RPCRT4.dll
0x762b0000  0x15c000  C:\Windows\system32\ole32.dll
0x77ee0000  0x4e000   C:\Windows\system32\GDI32.dll
0x77570000  0xc9000   C:\Windows\system32\USER32.dll
0x77ed0000  0xa000    C:\Windows\system32\LPK.dll
0x77940000  0x9d000   C:\Windows\system32\USP10.dll
0x77f30000  0x1f000   C:\Windows\system32\IMM32.DLL
0x76660000  0xcc000   C:\Windows\system32\MSCTF.dll
0x75e50000  0xc000    C:\Windows\system32\CRYPTBASE.dll
0x77810000  0xa0000   C:\Windows\system32\ADVAPI32.dll
0x72210000  0xa000    c:\windows\system32\fdrespub.dll
0x72190000  0x73000   c:\windows\system32\wsdapi.dll
0x77a10000  0x35000   C:\Windows\system32\WS2_32.dll
0x77eb0000  0x6000    C:\Windows\system32\NSI.dll
0x754d0000  0x1c000   c:\windows\system32\IPHLPAPI.DLL
0x754c0000  0x7000    c:\windows\system32\WINNSI.DLL
0x72080000  0xc2000   c:\windows\system32\webservices.dll
0x75380000  0x76000   c:\windows\system32\FirewallAPI.dll
0x754f0000  0x9000    c:\windows\system32\VERSION.dll
0x778b0000  0x83000   C:\Windows\system32\CLBCatQ.DLL
0x764f0000  0x8f000   C:\Windows\system32\OLEAUT32.dll
0x71f70000  0x2b000   C:\Windows\system32\FunDisc.dll
0x74500000  0x14000   C:\Windows\system32\ATL.DLL
0x77a50000  0x57000   C:\Windows\system32\SHLWAPI.dll
0x75410000  0x12000   C:\Windows\system32\dhcpcsvc.DLL
0x73da0000  0xd000    C:\Windows\system32\dhcpcsvc6.DLL
0x75940000  0x3c000   C:\Windows\system32\mswsock.dll
0x75930000  0x6000    C:\Windows\System32\wship6.dll
0x71f60000  0x6000    C:\Windows\System32\wshqos.dll
0x75400000  0x5000    C:\Windows\system32\wshtcpip.DLL
0x71ff0000  0x58000   C:\Windows\system32\WINHTTP.dll
0x71fa0000  0x4f000   C:\Windows\system32\webio.dll
0x717d0000  0xb000    C:\Windows\system32\HTTPAPI.dll
0x75510000  0xb000    C:\Windows\system32\pcwum.dll
0x740c0000  0xf000    C:\Windows\system32\wkscli.dll
0x740d0000  0x9000    C:\Windows\system32\netutils.dll
0x71660000  0x157000  C:\Windows\System32\msxml6.dll
0x75980000  0x16000   C:\Windows\system32\CRYPTSP.dll
0x75720000  0x3b000   C:\Windows\system32\rsaenh.dll
0x74840000  0x2f000   C:\Windows\system32\XmlLite.dll
------------------------------------------------------------------------------
TrustedInstaller.exe pid: 2044
Command line: C:\Windows\servicing\TrustedInstaller.exe

Base        Size      Path
0x007e0000  0x35000   C:\Windows\servicing\TrustedInstaller.exe
0x77d70000  0x13c000  C:\Windows\SYSTEM32\ntdll.dll
0x76410000  0xd4000   C:\Windows\system32\kernel32.dll
0x76010000  0x4b000   C:\Windows\system32\KERNELBASE.dll
0x77810000  0xa0000   C:\Windows\system32\ADVAPI32.dll
0x76200000  0xac000   C:\Windows\system32\msvcrt.dll
0x77380000  0x19000   C:\Windows\SYSTEM32\sechost.dll
0x77760000  0xa1000   C:\Windows\system32\RPCRT4.dll
0x762b0000  0x15c000  C:\Windows\system32\ole32.dll
0x77ee0000  0x4e000   C:\Windows\system32\GDI32.dll
0x77570000  0xc9000   C:\Windows\system32\USER32.dll
0x77ed0000  0xa000    C:\Windows\system32\LPK.dll
0x77940000  0x9d000   C:\Windows\system32\USP10.dll
0x77f30000  0x1f000   C:\Windows\system32\IMM32.DLL
0x76660000  0xcc000   C:\Windows\system32\MSCTF.dll
0x71bb0000  0x32000   C:\Windows\system32\wdscore.dll
0x764f0000  0x8f000   C:\Windows\system32\OLEAUT32.dll
0x710f0000  0xeb000   C:\Windows\system32\dbghelp.dll
0x75e50000  0xc000    C:\Windows\system32\CRYPTBASE.dll
0x71010000  0xd2000   C:\Windows\winsxs\x86_microsoft-windows-servicingstack_31bf3856ad364e35_6.1.7601.17592_none_0b0e4b4025cf4049\cbscore.dll
0x754f0000  0x9000    C:\Windows\system32\VERSION.dll
0x76080000  0x11e000  C:\Windows\system32\CRYPT32.dll
0x75f70000  0xc000    C:\Windows\system32\MSASN1.dll
0x761a0000  0x2d000   C:\Windows\system32\WINTRUST.dll
0x75560000  0x17000   C:\Windows\system32\USERENV.dll
0x75f00000  0xb000    C:\Windows\system32\profapi.dll
0x73b10000  0x9000    C:\Windows\system32\Ktmw32.dll
0x72560000  0x42000   C:\Windows\system32\dpx.dll
0x70e30000  0x1d6000  C:\Windows\winsxs\x86_microsoft-windows-servicingstack_31bf3856ad364e35_6.1.7601.17592_none_0b0e4b4025cf4049\wcp.dll
0x70e00000  0x2d000   C:\Windows\winsxs\x86_microsoft-windows-servicingstack_31bf3856ad364e35_6.1.7601.17592_none_0b0e4b4025cf4049\DrUpdate.dll
0x77bd0000  0x19d000  C:\Windows\system32\SETUPAPI.dll
0x761d0000  0x27000   C:\Windows\system32\CFGMGR32.dll
0x76060000  0x12000   C:\Windows\system32\DEVOBJ.dll
0x70de0000  0x12000   C:\Windows\system32\MPR.dll
0x70dd0000  0xd000    C:\Windows\system32\SrClient.dll
0x70da0000  0x30000   C:\Windows\system32\SPP.dll
0x72230000  0x116000  C:\Windows\system32\VSSAPI.DLL
0x74500000  0x14000   C:\Windows\system32\ATL.DLL
0x72220000  0x10000   C:\Windows\system32\VssTrace.DLL
0x70d90000  0x10000   C:\Windows\winsxs\x86_microsoft-windows-servicingstack_31bf3856ad364e35_6.1.7601.17592_none_0b0e4b4025cf4049\wrpint.dll
0x70d80000  0xa000    C:\Windows\system32\SxsStore.dll
0x71c90000  0x33000   C:\Windows\system32\sqmapi.dll
0x75980000  0x16000   C:\Windows\system32\CRYPTSP.dll
0x75720000  0x3b000   C:\Windows\system32\rsaenh.dll
0x75ef0000  0xe000    C:\Windows\system32\RpcRtRemote.dll
0x778b0000  0x83000   C:\Windows\system32\CLBCatQ.DLL
0x70d70000  0x8000    C:\Windows\servicing\CbsApi.dll
------------------------------------------------------------------------------
sppsvc.exe pid: 1324
Command line: C:\Windows\system32\sppsvc.exe

Base        Size      Path
0x00d20000  0x30b000  C:\Windows\system32\sppsvc.exe
0x77d70000  0x13c000  C:\Windows\SYSTEM32\ntdll.dll
0x76410000  0xd4000   C:\Windows\system32\kernel32.dll
0x76010000  0x4b000   C:\Windows\system32\KERNELBASE.dll
0x77810000  0xa0000   C:\Windows\system32\ADVAPI32.dll
0x76200000  0xac000   C:\Windows\system32\msvcrt.dll
0x77380000  0x19000   C:\Windows\SYSTEM32\sechost.dll
0x77760000  0xa1000   C:\Windows\system32\RPCRT4.dll
0x762b0000  0x15c000  C:\Windows\system32\ole32.dll
0x77ee0000  0x4e000   C:\Windows\system32\GDI32.dll
0x77570000  0xc9000   C:\Windows\system32\USER32.dll
0x77ed0000  0xa000    C:\Windows\system32\LPK.dll
0x77940000  0x9d000   C:\Windows\system32\USP10.dll
0x77f30000  0x1f000   C:\Windows\system32\IMM32.DLL
0x76660000  0xcc000   C:\Windows\system32\MSCTF.dll
0x75e50000  0xc000    C:\Windows\system32\CRYPTBASE.dll
0x75ef0000  0xe000    C:\Windows\system32\RpcRtRemote.dll
0x75980000  0x16000   C:\Windows\system32\CRYPTSP.dll
0x75720000  0x3b000   C:\Windows\system32\rsaenh.dll
0x70310000  0x67000   C:\Windows\system32\sppwinob.dll
0x70110000  0xf1000   C:\Windows\system32\sppobjs.dll
0x75800000  0x44000   C:\Windows\system32\DNSAPI.dll
0x77a10000  0x35000   C:\Windows\system32\WS2_32.dll
0x77eb0000  0x6000    C:\Windows\system32\NSI.dll
0x764f0000  0x8f000   C:\Windows\system32\OLEAUT32.dll
0x778b0000  0x83000   C:\Windows\system32\CLBCatQ.DLL
0x75de0000  0x1b000   C:\Windows\system32\SspiCli.dll
------------------------------------------------------------------------------
taskhost.exe pid: 524
Command line: "taskhost.exe"

Base        Size      Path
0x00d70000  0xf000    C:\Windows\system32\taskhost.exe
0x77d70000  0x13c000  C:\Windows\SYSTEM32\ntdll.dll
0x76410000  0xd4000   C:\Windows\system32\kernel32.dll
0x76010000  0x4b000   C:\Windows\system32\KERNELBASE.dll
0x76200000  0xac000   C:\Windows\system32\msvcrt.dll
0x762b0000  0x15c000  C:\Windows\system32\ole32.dll
0x77ee0000  0x4e000   C:\Windows\system32\GDI32.dll
0x77570000  0xc9000   C:\Windows\system32\USER32.dll
0x77ed0000  0xa000    C:\Windows\system32\LPK.dll
0x77940000  0x9d000   C:\Windows\system32\USP10.dll
0x77760000  0xa1000   C:\Windows\system32\RPCRT4.dll
0x764f0000  0x8f000   C:\Windows\system32\OLEAUT32.dll
0x77f30000  0x1f000   C:\Windows\system32\IMM32.DLL
0x76660000  0xcc000   C:\Windows\system32\MSCTF.dll
0x75e50000  0xc000    C:\Windows\system32\CRYPTBASE.dll
0x77380000  0x19000   C:\Windows\SYSTEM32\sechost.dll
0x77810000  0xa0000   C:\Windows\system32\ADVAPI32.dll
0x74c90000  0x40000   C:\Windows\system32\uxtheme.dll
0x74c70000  0x13000   C:\Windows\system32\dwmapi.dll
0x778b0000  0x83000   C:\Windows\system32\CLBCatQ.DLL
0x70820000  0x8000    C:\Windows\system32\MsCtfMonitor.dll
0x707f0000  0x2c000   C:\Windows\system32\MSUTB.dll
0x75ec0000  0x29000   C:\Windows\system32\WINSTA.dll
0x75500000  0xd000    C:\Windows\system32\WTSAPI32.dll
0x707e0000  0x9000    C:\Windows\System32\HotStartUserAgent.dll
0x744d0000  0xa000    C:\Windows\system32\slc.dll
0x707c0000  0x16000   C:\Windows\System32\PlaySndSrv.dll
0x75ef0000  0xe000    C:\Windows\system32\RpcRtRemote.dll
0x745d0000  0x32000   C:\Windows\system32\WINMM.dll
0x727d0000  0x1e000   C:\Windows\System32\AuxiliaryDisplayServices.dll
0x77bd0000  0x19d000  C:\Windows\system32\SETUPAPI.dll
0x761d0000  0x27000   C:\Windows\system32\CFGMGR32.dll
0x76060000  0x12000   C:\Windows\system32\DEVOBJ.dll
0x77a50000  0x57000   C:\Windows\system32\SHLWAPI.dll
0x76730000  0xc4a000  C:\Windows\system32\SHELL32.dll
------------------------------------------------------------------------------
GoogleCrashHandler.exe pid: 1964
Command line: "C:\Program Files\Google\Update\1.3.36.122\GoogleCrashHandler.exe"

Base        Size      Path
0x00080000  0x4b000   C:\Program Files\Google\Update\1.3.36.122\GoogleCrashHandler.exe
0x77d70000  0x13c000  C:\Windows\SYSTEM32\ntdll.dll
0x76410000  0xd4000   C:\Windows\system32\kernel32.dll
0x76010000  0x4b000   C:\Windows\system32\KERNELBASE.dll
0x77570000  0xc9000   C:\Windows\system32\USER32.dll
0x77ee0000  0x4e000   C:\Windows\system32\GDI32.dll
0x77ed0000  0xa000    C:\Windows\system32\LPK.dll
0x77940000  0x9d000   C:\Windows\system32\USP10.dll
0x76200000  0xac000   C:\Windows\system32\msvcrt.dll
0x77810000  0xa0000   C:\Windows\system32\ADVAPI32.dll
0x77380000  0x19000   C:\Windows\SYSTEM32\sechost.dll
0x77760000  0xa1000   C:\Windows\system32\RPCRT4.dll
0x762b0000  0x15c000  C:\Windows\system32\ole32.dll
0x76730000  0xc4a000  C:\Windows\system32\SHELL32.dll
0x77a50000  0x57000   C:\Windows\system32\SHLWAPI.dll
0x74230000  0x11000   C:\Windows\system32\NETAPI32.dll
0x740d0000  0x9000    C:\Windows\system32\netutils.dll
0x75b90000  0x19000   C:\Windows\system32\srvcli.dll
0x740c0000  0xf000    C:\Windows\system32\wkscli.dll
0x75560000  0x17000   C:\Windows\system32\USERENV.dll
0x75f00000  0xb000    C:\Windows\system32\profapi.dll
0x754f0000  0x9000    C:\Windows\system32\VERSION.dll
0x77f30000  0x1f000   C:\Windows\system32\IMM32.DLL
0x76660000  0xcc000   C:\Windows\system32\MSCTF.dll
0x75490000  0x21000   C:\Windows\system32\ntmarta.dll
0x77f50000  0x45000   C:\Windows\system32\WLDAP32.dll
0x710f0000  0xeb000   C:\Windows\system32\dbghelp.dll
0x75e50000  0xc000    C:\Windows\system32\CRYPTBASE.dll
------------------------------------------------------------------------------
dwm.exe pid: 948
Command line: "C:\Windows\system32\Dwm.exe"

Base        Size      Path
0x00ef0000  0x1a000   C:\Windows\system32\Dwm.exe
0x77d70000  0x13c000  C:\Windows\SYSTEM32\ntdll.dll
0x76410000  0xd4000   C:\Windows\system32\kernel32.dll
0x76010000  0x4b000   C:\Windows\system32\KERNELBASE.dll
0x77ee0000  0x4e000   C:\Windows\system32\GDI32.dll
0x77570000  0xc9000   C:\Windows\system32\USER32.dll
0x77ed0000  0xa000    C:\Windows\system32\LPK.dll
0x77940000  0x9d000   C:\Windows\system32\USP10.dll
0x76200000  0xac000   C:\Windows\system32\msvcrt.dll
0x74c90000  0x40000   C:\Windows\system32\UxTheme.dll
0x77f30000  0x1f000   C:\Windows\system32\IMM32.dll
0x76660000  0xcc000   C:\Windows\system32\MSCTF.dll
0x75140000  0x1b000   C:\Windows\system32\dwmredir.dll
0x74fe0000  0x151000  C:\Windows\system32\dwmcore.dll
0x77810000  0xa0000   C:\Windows\system32\ADVAPI32.dll
0x77380000  0x19000   C:\Windows\SYSTEM32\sechost.dll
0x77760000  0xa1000   C:\Windows\system32\RPCRT4.dll
0x74740000  0xfb000   C:\Windows\system32\WindowsCodecs.dll
0x762b0000  0x15c000  C:\Windows\system32\ole32.dll
0x74fb0000  0x2c000   C:\Windows\system32\d3d10_1.dll
0x74f70000  0x3a000   C:\Windows\system32\d3d10_1core.dll
0x74ee0000  0x83000   C:\Windows\system32\dxgi.dll
0x754f0000  0x9000    C:\Windows\system32\VERSION.dll
0x74c70000  0x13000   C:\Windows\system32\dwmapi.dll
0x77ec0000  0x5000    C:\Windows\system32\PSAPI.DLL
0x761a0000  0x2d000   C:\Windows\system32\WINTRUST.dll
0x76080000  0x11e000  C:\Windows\system32\CRYPT32.dll
0x75f70000  0xc000    C:\Windows\system32\MSASN1.dll
------------------------------------------------------------------------------
explorer.exe pid: 848
Command line: C:\Windows\Explorer.EXE

Base        Size      Path
0x00790000  0x281000  C:\Windows\Explorer.EXE
0x77d70000  0x13c000  C:\Windows\SYSTEM32\ntdll.dll
0x76410000  0xd4000   C:\Windows\system32\kernel32.dll
0x76010000  0x4b000   C:\Windows\system32\KERNELBASE.dll
0x77810000  0xa0000   C:\Windows\system32\ADVAPI32.dll
0x76200000  0xac000   C:\Windows\system32\msvcrt.dll
0x77380000  0x19000   C:\Windows\SYSTEM32\sechost.dll
0x77760000  0xa1000   C:\Windows\system32\RPCRT4.dll
0x77ee0000  0x4e000   C:\Windows\system32\GDI32.dll
0x77570000  0xc9000   C:\Windows\system32\USER32.dll
0x77ed0000  0xa000    C:\Windows\system32\LPK.dll
0x77940000  0x9d000   C:\Windows\system32\USP10.dll
0x77a50000  0x57000   C:\Windows\system32\SHLWAPI.dll
0x76730000  0xc4a000  C:\Windows\system32\SHELL32.dll
0x762b0000  0x15c000  C:\Windows\system32\ole32.dll
0x764f0000  0x8f000   C:\Windows\system32\OLEAUT32.dll
0x749c0000  0x16f000  C:\Windows\system32\EXPLORERFRAME.dll
0x74eb0000  0x2f000   C:\Windows\system32\DUser.dll
0x74900000  0xb2000   C:\Windows\system32\DUI70.dll
0x77f30000  0x1f000   C:\Windows\system32\IMM32.dll
0x76660000  0xcc000   C:\Windows\system32\MSCTF.dll
0x74c90000  0x40000   C:\Windows\system32\UxTheme.dll
0x752d0000  0x25000   C:\Windows\system32\POWRPROF.dll
0x77bd0000  0x19d000  C:\Windows\system32\SETUPAPI.dll
0x761d0000  0x27000   C:\Windows\system32\CFGMGR32.dll
0x76060000  0x12000   C:\Windows\system32\DEVOBJ.dll
0x74c70000  0x13000   C:\Windows\system32\dwmapi.dll
0x744d0000  0xa000    C:\Windows\system32\slc.dll
0x73820000  0x190000  C:\Windows\WinSxS\x86_microsoft.windows.gdiplus_6595b64144ccf1df_1.1.7601.17825_none_72d273598668a06b\gdiplus.dll
0x75ca0000  0x8000    C:\Windows\system32\Secur32.dll
0x75de0000  0x1b000   C:\Windows\system32\SSPICLI.DLL
0x74b30000  0xf5000   C:\Windows\system32\PROPSYS.dll
0x75ec0000  0x29000   C:\Windows\system32\WINSTA.dll
0x75e50000  0xc000    C:\Windows\system32\CRYPTBASE.dll
0x74d00000  0x19e000  C:\Windows\WinSxS\x86_microsoft.windows.common-controls_6595b64144ccf1df_6.0.7601.17514_none_41e6975e2bd6f2b2\comctl32.dll
0x74740000  0xfb000   C:\Windows\system32\WindowsCodecs.dll
0x75f00000  0xb000    C:\Windows\system32\profapi.dll
0x75e00000  0x4c000   C:\Windows\system32\apphelp.dll
0x778b0000  0x83000   C:\Windows\system32\CLBCatQ.DLL
0x748c0000  0x31000   C:\Windows\system32\EhStorShell.dll
0x742b0000  0x6a000   C:\Windows\System32\cscui.dll
0x74ea0000  0x9000    C:\Windows\System32\CSCDLL.dll
0x724a0000  0xb000    C:\Windows\system32\CSCAPI.dll
0x741b0000  0x70000   C:\Windows\system32\ntshrui.dll
0x75b90000  0x19000   C:\Windows\system32\srvcli.dll
0x74cd0000  0x6000    C:\Windows\system32\IconCodecService.dll
0x75980000  0x16000   C:\Windows\system32\CRYPTSP.dll
0x75720000  0x3b000   C:\Windows\system32\rsaenh.dll
0x75ef0000  0xe000    C:\Windows\system32\RpcRtRemote.dll
0x74880000  0x38000   C:\Windows\system32\SndVolSSO.DLL
0x74870000  0x9000    C:\Windows\system32\HID.DLL
0x74c30000  0x39000   C:\Windows\System32\MMDevApi.dll
0x74130000  0x78000   C:\Windows\system32\timedate.cpl
0x74500000  0x14000   C:\Windows\system32\ATL.DLL
0x70d00000  0x4e000   C:\Windows\system32\actxprxy.dll
0x75490000  0x21000   C:\Windows\system32\ntmarta.dll
0x77f50000  0x45000   C:\Windows\system32\WLDAP32.dll
0x74590000  0x2e000   C:\Windows\System32\shdocvw.dll
0x743c0000  0x9000    C:\Windows\system32\LINKINFO.dll
0x707f0000  0x2c000   C:\Windows\system32\msutb.dll
0x75560000  0x17000   C:\Windows\system32\USERENV.dll
0x752b0000  0x1e000   C:\Windows\System32\shacct.dll
0x75290000  0x12000   C:\Windows\system32\SAMLIB.dll
0x740b0000  0xf000    C:\Windows\system32\samcli.dll
0x740d0000  0x9000    C:\Windows\system32\netutils.dll
0x735a0000  0x278000  C:\Windows\System32\gameux.dll
0x74840000  0x2f000   C:\Windows\System32\XmlLite.dll
0x76080000  0x11e000  C:\Windows\system32\CRYPT32.dll
0x75f70000  0xc000    C:\Windows\system32\MSASN1.dll
0x71380000  0x61000   C:\Windows\System32\wer.dll
0x74390000  0x2b000   C:\Windows\system32\msls31.dll
0x74250000  0x58000   C:\Program Files\Common Files\microsoft shared\ink\tiptsf.dll
0x733e0000  0x1b7000  C:\Windows\system32\authui.dll
0x732e0000  0xf8000   C:\Windows\system32\CRYPTUI.dll
0x77640000  0x111000  C:\Windows\system32\urlmon.dll
0x773a0000  0x1b9000  C:\Windows\system32\iertutil.dll
0x77ab0000  0x11b000  C:\Windows\system32\WININET.dll
0x77560000  0x3000    C:\Windows\system32\Normaliz.dll
0x74370000  0x16000   C:\Windows\system32\thumbcache.dll
0x77ec0000  0x5000    C:\Windows\system32\PSAPI.DLL
0x73140000  0x198000  C:\Windows\system32\NetworkExplorer.dll
0x745d0000  0x32000   C:\Windows\system32\WINMM.dll
0x73db0000  0x30000   C:\Windows\system32\wdmaud.drv
0x74550000  0x4000    C:\Windows\system32\ksuser.dll
0x75280000  0x7000    C:\Windows\system32\AVRT.dll
0x74490000  0x36000   C:\Windows\system32\AUDIOSES.DLL
0x74110000  0x8000    C:\Windows\system32\msacm32.drv
0x73120000  0x14000   C:\Windows\system32\MSACM32.dll
0x74100000  0x7000    C:\Windows\system32\midimap.dll
0x73080000  0x94000   C:\Windows\system32\MsftEdit.dll
0x73e40000  0x3a000   C:\Windows\system32\stobject.dll
0x72fc0000  0xb7000   C:\Windows\system32\BatMeter.dll
0x75500000  0xd000    C:\Windows\system32\WTSAPI32.dll
0x74320000  0x47000   C:\Windows\system32\es.dll
0x72f50000  0x64000   C:\Windows\system32\prnfldr.dll
0x72430000  0x51000   C:\Windows\system32\WINSPOOL.DRV
0x72ee0000  0x64000   C:\Windows\system32\dxp.dll
0x73e30000  0x10000   C:\Windows\system32\Syncreg.dll
0x72c70000  0x265000  C:\Windows\System32\netshell.dll
0x754d0000  0x1c000   C:\Windows\System32\IPHLPAPI.DLL
0x77eb0000  0x6000    C:\Windows\system32\NSI.dll
0x754c0000  0x7000    C:\Windows\System32\WINNSI.DLL
0x745c0000  0x10000   C:\Windows\System32\nlaapi.dll
0x73e20000  0xe000    C:\Windows\System32\AltTab.dll
0x72ac0000  0x1ae000  C:\Windows\System32\pnidui.dll
0x73e00000  0x17000   C:\Windows\System32\QUtil.dll
0x75b20000  0x42000   C:\Windows\System32\wevtapi.dll
0x71ff0000  0x58000   C:\Windows\system32\WINHTTP.dll
0x71fa0000  0x4f000   C:\Windows\system32\webio.dll
0x73da0000  0xd000    C:\Windows\system32\dhcpcsvc6.DLL
0x77a10000  0x35000   C:\Windows\system32\WS2_32.dll
0x75410000  0x12000   C:\Windows\system32\dhcpcsvc.DLL
0x75620000  0x8000    C:\Windows\system32\credssp.dll
0x71240000  0x8000    C:\Windows\System32\npmproxy.dll
0x72900000  0x16000   C:\Windows\system32\Wlanapi.dll
0x73b00000  0x6000    C:\Windows\system32\wlanutil.dll
0x728b0000  0x48000   C:\Windows\system32\wwanapi.dll
0x72930000  0xa000    C:\Windows\system32\wwapi.dll
0x72880000  0x2e000   C:\Windows\System32\QAgent.dll
0x72850000  0x25000   C:\Windows\System32\cscobj.dll
0x727f0000  0x5a000   C:\Windows\system32\xwizards.dll
0x72790000  0x3c000   C:\Windows\system32\OLEACC.dll
0x72760000  0x2b000   C:\Windows\System32\provsvc.dll
0x740c0000  0xf000    C:\Windows\system32\wkscli.dll
0x72710000  0x4d000   C:\Windows\System32\srchadmin.dll
0x72700000  0xc000    C:\Windows\system32\mssprxy.dll
0x75e60000  0x5f000   C:\Windows\system32\SXS.DLL
0x70260000  0xb0000   C:\Windows\System32\bthprops.cpl
0x6ee70000  0x94d000  C:\Windows\System32\ieframe.dll
0x761a0000  0x2d000   C:\Windows\system32\WINTRUST.dll
0x6ff00000  0x20e000  C:\Windows\System32\SyncCenter.dll
0x6fd90000  0xba000   C:\Windows\System32\Actioncenter.dll
0x72660000  0x1b000   C:\Windows\System32\UIAnimation.dll
0x70840000  0x64000   C:\Windows\system32\imapi2.dll
0x709d0000  0x4f000   C:\Windows\System32\hgcpl.dll
0x719a0000  0x5a000   C:\Windows\System32\netprofm.dll
0x6fbe0000  0xd2000   C:\Windows\system32\fxsst.dll
0x70a60000  0x3a000   C:\Windows\system32\FXSAPI.dll
0x6faf0000  0xe3000   C:\Windows\system32\FXSRESM.DLL
0x754f0000  0x9000    C:\Windows\system32\VERSION.dll
0x70930000  0x33000   C:\Program Files\Internet Explorer\ieproxy.dll
0x70760000  0x5c000   C:\Windows\System32\StructuredQuery.dll
0x70de0000  0x12000   C:\Windows\system32\MPR.dll
0x6f960000  0xfe000   C:\Windows\system32\VBoxMRXNP.dll
0x72650000  0x8000    C:\Windows\System32\drprov.dll
0x724d0000  0x14000   C:\Windows\System32\ntlanman.dll
0x70d50000  0x17000   C:\Windows\System32\davclnt.dll
0x724c0000  0x8000    C:\Windows\System32\DAVHLPR.dll
0x708c0000  0x22000   C:\Windows\system32\EhStorAPI.dll
0x744e0000  0x9000    C:\Windows\system32\dsrole.dll
0x6f8c0000  0xa0000   C:\Windows\System32\SearchFolder.dll
0x6fcc0000  0xc6000   C:\Windows\System32\NaturalLanguage6.dll
0x6e4a0000  0x9ca000  C:\Windows\System32\NLSData000a.dll
0x6db20000  0x971000  C:\Windows\System32\NLSLexicons000a.dll
0x703a0000  0x27000   C:\Windows\system32\twext.dll
0x70230000  0x29000   C:\Windows\system32\syncui.dll
0x70380000  0x16000   C:\Windows\system32\SYNCENG.dll
0x711f0000  0xe000    C:\Windows\system32\acppage.dll
0x71270000  0x3000    C:\Windows\system32\sfc.dll
0x71260000  0xd000    C:\Windows\system32\sfc_os.DLL
0x6d8e0000  0x240000  C:\Windows\system32\msi.dll
0x75700000  0xe000    C:\Windows\system32\DEVRTL.dll
------------------------------------------------------------------------------
VBoxTray.exe pid: 1560
Command line: "C:\Windows\System32\VBoxTray.exe" 

Base        Size      Path
0x011d0000  0x13a000  C:\Windows\System32\VBoxTray.exe
0x77d70000  0x13c000  C:\Windows\SYSTEM32\ntdll.dll
0x76410000  0xd4000   C:\Windows\system32\kernel32.dll
0x76010000  0x4b000   C:\Windows\system32\KERNELBASE.dll
0x70de0000  0x12000   C:\Windows\System32\MPR.dll
0x77570000  0xc9000   C:\Windows\system32\USER32.dll
0x77ee0000  0x4e000   C:\Windows\system32\GDI32.dll
0x77ed0000  0xa000    C:\Windows\system32\LPK.dll
0x77940000  0x9d000   C:\Windows\system32\USP10.dll
0x76200000  0xac000   C:\Windows\system32\msvcrt.dll
0x77810000  0xa0000   C:\Windows\system32\ADVAPI32.dll
0x77380000  0x19000   C:\Windows\SYSTEM32\sechost.dll
0x77760000  0xa1000   C:\Windows\system32\RPCRT4.dll
0x76730000  0xc4a000  C:\Windows\system32\SHELL32.dll
0x77a50000  0x57000   C:\Windows\system32\SHLWAPI.dll
0x77a10000  0x35000   C:\Windows\system32\WS2_32.dll
0x77eb0000  0x6000    C:\Windows\system32\NSI.dll
0x77f30000  0x1f000   C:\Windows\system32\IMM32.DLL
0x76660000  0xcc000   C:\Windows\system32\MSCTF.dll
0x74c90000  0x40000   C:\Windows\system32\uxtheme.dll
0x74120000  0x10000   C:\Windows\System32\VBoxHook.dll
0x762b0000  0x15c000  C:\Windows\system32\ole32.dll
------------------------------------------------------------------------------
SearchIndexer.exe pid: 2256
Command line: C:\Windows\system32\SearchIndexer.exe /Embedding

Base        Size      Path
0x00150000  0x6a000   C:\Windows\system32\SearchIndexer.exe
0x77d70000  0x13c000  C:\Windows\SYSTEM32\ntdll.dll
0x76410000  0xd4000   C:\Windows\system32\kernel32.dll
0x76010000  0x4b000   C:\Windows\system32\KERNELBASE.dll
0x77810000  0xa0000   C:\Windows\system32\ADVAPI32.dll
0x76200000  0xac000   C:\Windows\system32\msvcrt.dll
0x77380000  0x19000   C:\Windows\SYSTEM32\sechost.dll
0x77760000  0xa1000   C:\Windows\system32\RPCRT4.dll
0x77570000  0xc9000   C:\Windows\system32\USER32.dll
0x77ee0000  0x4e000   C:\Windows\system32\GDI32.dll
0x77ed0000  0xa000    C:\Windows\system32\LPK.dll
0x77940000  0x9d000   C:\Windows\system32\USP10.dll
0x762b0000  0x15c000  C:\Windows\system32\ole32.dll
0x764f0000  0x8f000   C:\Windows\system32\OLEAUT32.dll
0x70aa0000  0x17d000  C:\Windows\system32\TQUERY.DLL
0x77a50000  0x57000   C:\Windows\system32\SHLWAPI.dll
0x70580000  0x159000  C:\Windows\system32\MSSRCH.DLL
0x703d0000  0x1a3000  C:\Windows\system32\ESENT.dll
0x77f30000  0x1f000   C:\Windows\system32\IMM32.dll
0x76660000  0xcc000   C:\Windows\system32\MSCTF.dll
0x77ec0000  0x5000    C:\Windows\system32\psapi.dll
0x76730000  0xc4a000  C:\Windows\system32\SHELL32.dll
0x75f00000  0xb000    C:\Windows\system32\profapi.dll
0x75e50000  0xc000    C:\Windows\system32\CRYPTBASE.dll
0x75ca0000  0x8000    C:\Windows\system32\secur32.dll
0x75de0000  0x1b000   C:\Windows\system32\SSPICLI.DLL
0x75620000  0x8000    C:\Windows\system32\credssp.dll
0x778b0000  0x83000   C:\Windows\system32\CLBCatQ.DLL
0x72920000  0x5000    C:\Windows\system32\Msidle.dll
0x75980000  0x16000   C:\Windows\system32\CRYPTSP.dll
0x75720000  0x3b000   C:\Windows\system32\rsaenh.dll
0x75ef0000  0xe000    C:\Windows\system32\RpcRtRemote.dll
0x72700000  0xc000    C:\Windows\system32\mssprxy.dll
0x74b30000  0xf5000   C:\Windows\system32\propsys.dll
0x75490000  0x21000   C:\Windows\system32\ntmarta.dll
0x77f50000  0x45000   C:\Windows\system32\WLDAP32.dll
0x72230000  0x116000  C:\Windows\system32\VSSAPI.DLL
0x74500000  0x14000   C:\Windows\system32\ATL.DLL
0x72220000  0x10000   C:\Windows\system32\VssTrace.DLL
0x740b0000  0xf000    C:\Windows\system32\samcli.dll
0x75290000  0x12000   C:\Windows\system32\SAMLIB.dll
0x740d0000  0x9000    C:\Windows\system32\netutils.dll
0x74320000  0x47000   C:\Windows\system32\es.dll
0x761d0000  0x27000   C:\Windows\system32\CFGMGR32.dll
0x75500000  0xd000    C:\Windows\system32\WTSAPI32.dll
0x75ec0000  0x29000   C:\Windows\system32\WINSTA.dll
0x75560000  0x17000   C:\Windows\system32\USERENV.dll
0x75e60000  0x5f000   C:\Windows\system32\SXS.DLL
0x75e00000  0x4c000   C:\Windows\system32\apphelp.dll
0x6fcc0000  0xc6000   C:\Windows\System32\NaturalLanguage6.dll
0x76080000  0x11e000  C:\Windows\system32\CRYPT32.dll
0x75f70000  0xc000    C:\Windows\system32\MSASN1.dll
0x6e4a0000  0x9ca000  C:\Windows\System32\NLSData000a.dll
0x6db20000  0x971000  C:\Windows\System32\NLSLexicons000a.dll
0x74d00000  0x19e000  C:\Windows\WinSxS\x86_microsoft.windows.common-controls_6595b64144ccf1df_6.0.7601.17514_none_41e6975e2bd6f2b2\comctl32.dll
0x77bd0000  0x19d000  C:\Windows\system32\SETUPAPI.dll
0x76060000  0x12000   C:\Windows\system32\DEVOBJ.dll
------------------------------------------------------------------------------
SearchProtocolHost.exe pid: 2320
Command line: "C:\Windows\system32\SearchProtocolHost.exe" Global\UsGthrFltPipeMssGthrPipe_S-1-5-21-1022660962-1118667087-1561407144-10011_ Global\UsGthrCtrlFltPipeMssGthrPipe_S-1-5-21-1022660962-1118667087-1561407144-10011 1 -2147483646 "Software\Microsoft\Windows Search" "Mozilla/4.0 (compatible; MSIE 6.0; Windows NT; MS Search 4.0 Robot)" "C:\ProgramData\Microsoft\Search\Data\Temp\usgthrsvc" "DownLevelDaemon"  "1"

Base        Size      Path
0x00ed0000  0x2b000   C:\Windows\system32\SearchProtocolHost.exe
0x77d70000  0x13c000  C:\Windows\SYSTEM32\ntdll.dll
0x76410000  0xd4000   C:\Windows\system32\kernel32.dll
0x76010000  0x4b000   C:\Windows\system32\KERNELBASE.dll
0x77810000  0xa0000   C:\Windows\system32\ADVAPI32.dll
0x76200000  0xac000   C:\Windows\system32\msvcrt.dll
0x77380000  0x19000   C:\Windows\SYSTEM32\sechost.dll
0x77760000  0xa1000   C:\Windows\system32\RPCRT4.dll
0x77570000  0xc9000   C:\Windows\system32\USER32.dll
0x77ee0000  0x4e000   C:\Windows\system32\GDI32.dll
0x77ed0000  0xa000    C:\Windows\system32\LPK.dll
0x77940000  0x9d000   C:\Windows\system32\USP10.dll
0x762b0000  0x15c000  C:\Windows\system32\ole32.dll
0x764f0000  0x8f000   C:\Windows\system32\OLEAUT32.dll
0x70aa0000  0x17d000  C:\Windows\system32\TQUERY.DLL
0x77a50000  0x57000   C:\Windows\system32\SHLWAPI.dll
0x726f0000  0x6000    C:\Windows\system32\MSSHooks.dll
0x77f30000  0x1f000   C:\Windows\system32\IMM32.dll
0x76660000  0xcc000   C:\Windows\system32\MSCTF.dll
0x75e50000  0xc000    C:\Windows\system32\CRYPTBASE.dll
0x72920000  0x5000    C:\Windows\system32\Msidle.dll
0x778b0000  0x83000   C:\Windows\system32\CLBCatQ.DLL
0x75980000  0x16000   C:\Windows\system32\CRYPTSP.dll
0x75720000  0x3b000   C:\Windows\system32\rsaenh.dll
0x75ef0000  0xe000    C:\Windows\system32\RpcRtRemote.dll
0x72700000  0xc000    C:\Windows\system32\mssprxy.dll
0x6fe50000  0xa6000   C:\Windows\system32\mssvp.dll
0x72680000  0x16000   C:\Windows\system32\MAPI32.dll
0x76730000  0xc4a000  C:\Windows\system32\SHELL32.dll
0x724a0000  0xb000    C:\Windows\system32\cscapi.dll
0x72850000  0x25000   C:\Windows\System32\cscobj.dll
0x75560000  0x17000   C:\Windows\System32\USERENV.dll
0x75f00000  0xb000    C:\Windows\System32\profapi.dll
------------------------------------------------------------------------------
SearchFilterHost.exe pid: 2340
Command line: "C:\Windows\system32\SearchFilterHost.exe" 0 512 516 524 65536 520 

Base        Size      Path
0x00030000  0x18000   C:\Windows\system32\SearchFilterHost.exe
0x77d70000  0x13c000  C:\Windows\SYSTEM32\ntdll.dll
0x76410000  0xd4000   C:\Windows\system32\kernel32.dll
0x76010000  0x4b000   C:\Windows\system32\KERNELBASE.dll
0x77810000  0xa0000   C:\Windows\system32\ADVAPI32.dll
0x76200000  0xac000   C:\Windows\system32\msvcrt.dll
0x77380000  0x19000   C:\Windows\SYSTEM32\sechost.dll
0x77760000  0xa1000   C:\Windows\system32\RPCRT4.dll
0x77570000  0xc9000   C:\Windows\system32\USER32.dll
0x77ee0000  0x4e000   C:\Windows\system32\GDI32.dll
0x77ed0000  0xa000    C:\Windows\system32\LPK.dll
0x77940000  0x9d000   C:\Windows\system32\USP10.dll
0x762b0000  0x15c000  C:\Windows\system32\ole32.dll
0x764f0000  0x8f000   C:\Windows\system32\OLEAUT32.dll
0x70aa0000  0x17d000  C:\Windows\system32\TQUERY.DLL
0x77a50000  0x57000   C:\Windows\system32\SHLWAPI.dll
0x77f30000  0x1f000   C:\Windows\system32\IMM32.dll
0x76660000  0xcc000   C:\Windows\system32\MSCTF.dll
0x726f0000  0x6000    C:\Windows\system32\MSSHooks.dll
0x726a0000  0x4a000   C:\Windows\system32\mscoree.dll
0x724f0000  0x67000   C:\Windows\Microsoft.NET\Framework\v4.0.30319\mscoreei.dll
0x75e50000  0xc000    C:\Windows\system32\CRYPTBASE.dll
0x778b0000  0x83000   C:\Windows\system32\CLBCatQ.DLL
0x75980000  0x16000   C:\Windows\system32\CRYPTSP.dll
0x75720000  0x3b000   C:\Windows\system32\rsaenh.dll
0x75ef0000  0xe000    C:\Windows\system32\RpcRtRemote.dll
0x72700000  0xc000    C:\Windows\system32\mssprxy.dll
------------------------------------------------------------------------------
cmd.exe pid: 2908
Command line: "C:\Windows\System32\cmd.exe" /C "D:\jayanez\windows-scrapper.bat" 

Base        Size      Path
0x4ac60000  0x4c000   C:\Windows\System32\cmd.exe
0x77d70000  0x13c000  C:\Windows\SYSTEM32\ntdll.dll
0x76410000  0xd4000   C:\Windows\system32\kernel32.dll
0x76010000  0x4b000   C:\Windows\system32\KERNELBASE.dll
0x76200000  0xac000   C:\Windows\system32\msvcrt.dll
0x70830000  0x7000    C:\Windows\System32\WINBRAND.dll
0x77570000  0xc9000   C:\Windows\system32\USER32.dll
0x77ee0000  0x4e000   C:\Windows\system32\GDI32.dll
0x77ed0000  0xa000    C:\Windows\system32\LPK.dll
0x77940000  0x9d000   C:\Windows\system32\USP10.dll
0x77f30000  0x1f000   C:\Windows\system32\IMM32.DLL
0x76660000  0xcc000   C:\Windows\system32\MSCTF.dll
0x77810000  0xa0000   C:\Windows\system32\ADVAPI32.dll
0x77380000  0x19000   C:\Windows\SYSTEM32\sechost.dll
0x77760000  0xa1000   C:\Windows\system32\RPCRT4.dll
0x75e00000  0x4c000   C:\Windows\system32\apphelp.dll
------------------------------------------------------------------------------
conhost.exe pid: 2916
Command line: \??\C:\Windows\system32\conhost.exe "792223624-16122265966253710211873027734-746960295-1377719152-1380441849-646415608

Base        Size      Path
0x00d90000  0x45000   C:\Windows\system32\conhost.exe
0x77d70000  0x13c000  C:\Windows\SYSTEM32\ntdll.dll
0x76410000  0xd4000   C:\Windows\system32\kernel32.dll
0x76010000  0x4b000   C:\Windows\system32\KERNELBASE.dll
0x77ee0000  0x4e000   C:\Windows\system32\GDI32.dll
0x77570000  0xc9000   C:\Windows\system32\USER32.dll
0x77ed0000  0xa000    C:\Windows\system32\LPK.dll
0x77940000  0x9d000   C:\Windows\system32\USP10.dll
0x76200000  0xac000   C:\Windows\system32\msvcrt.dll
0x77f30000  0x1f000   C:\Windows\system32\IMM32.dll
0x76660000  0xcc000   C:\Windows\system32\MSCTF.dll
0x762b0000  0x15c000  C:\Windows\system32\ole32.dll
0x77760000  0xa1000   C:\Windows\system32\RPCRT4.dll
0x764f0000  0x8f000   C:\Windows\system32\OLEAUT32.dll
0x74c90000  0x40000   C:\Windows\system32\uxtheme.dll
0x74c70000  0x13000   C:\Windows\system32\dwmapi.dll
0x77810000  0xa0000   C:\Windows\system32\ADVAPI32.dll
0x77380000  0x19000   C:\Windows\SYSTEM32\sechost.dll
0x74d00000  0x19e000  C:\Windows\WinSxS\x86_microsoft.windows.common-controls_6595b64144ccf1df_6.0.7601.17514_none_41e6975e2bd6f2b2\comctl32.DLL
0x77a50000  0x57000   C:\Windows\system32\SHLWAPI.dll
0x75e50000  0xc000    C:\Windows\system32\CRYPTBASE.dll
------------------------------------------------------------------------------
dllhost.exe pid: 3700
Command line: C:\Windows\system32\DllHost.exe /Processid:{AB8902B4-09CA-4BB6-B78D-A8F59079A8D5}

Base        Size      Path
0x00e40000  0x5000    C:\Windows\system32\DllHost.exe
0x77d70000  0x13c000  C:\Windows\SYSTEM32\ntdll.dll
0x76410000  0xd4000   C:\Windows\system32\kernel32.dll
0x76010000  0x4b000   C:\Windows\system32\KERNELBASE.dll
0x76200000  0xac000   C:\Windows\system32\msvcrt.dll
0x762b0000  0x15c000  C:\Windows\system32\ole32.dll
0x77ee0000  0x4e000   C:\Windows\system32\GDI32.dll
0x77570000  0xc9000   C:\Windows\system32\USER32.dll
0x77ed0000  0xa000    C:\Windows\system32\LPK.dll
0x77940000  0x9d000   C:\Windows\system32\USP10.dll
0x77760000  0xa1000   C:\Windows\system32\RPCRT4.dll
0x77f30000  0x1f000   C:\Windows\system32\IMM32.DLL
0x76660000  0xcc000   C:\Windows\system32\MSCTF.dll
0x75e50000  0xc000    C:\Windows\system32\CRYPTBASE.dll
0x778b0000  0x83000   C:\Windows\system32\CLBCatQ.DLL
0x77810000  0xa0000   C:\Windows\system32\ADVAPI32.dll
0x77380000  0x19000   C:\Windows\SYSTEM32\sechost.dll
0x764f0000  0x8f000   C:\Windows\system32\OLEAUT32.dll
0x75980000  0x16000   C:\Windows\system32\CRYPTSP.dll
0x75720000  0x3b000   C:\Windows\system32\rsaenh.dll
0x75ef0000  0xe000    C:\Windows\system32\RpcRtRemote.dll
0x74c90000  0x40000   C:\Windows\system32\uxtheme.dll
0x74370000  0x16000   C:\Windows\system32\thumbcache.dll
0x76730000  0xc4a000  C:\Windows\system32\SHELL32.dll
0x77a50000  0x57000   C:\Windows\system32\SHLWAPI.dll
0x6f830000  0x84000   C:\Windows\WinSxS\x86_microsoft.windows.common-controls_6595b64144ccf1df_5.82.7601.17514_none_ec83dffa859149af\COMCTL32.dll
0x77ec0000  0x5000    C:\Windows\system32\PSAPI.DLL
0x74b30000  0xf5000   C:\Windows\system32\PROPSYS.dll
------------------------------------------------------------------------------
WmiPrvSE.exe pid: 3836
Command line: C:\Windows\system32\wbem\wmiprvse.exe

Base        Size      Path
0x00260000  0x41000   C:\Windows\system32\wbem\wmiprvse.exe
0x77d70000  0x13c000  C:\Windows\SYSTEM32\ntdll.dll
0x76410000  0xd4000   C:\Windows\system32\kernel32.dll
0x76010000  0x4b000   C:\Windows\system32\KERNELBASE.dll
0x77810000  0xa0000   C:\Windows\system32\ADVAPI32.dll
0x76200000  0xac000   C:\Windows\system32\msvcrt.dll
0x77380000  0x19000   C:\Windows\SYSTEM32\sechost.dll
0x77760000  0xa1000   C:\Windows\system32\RPCRT4.dll
0x77570000  0xc9000   C:\Windows\system32\USER32.dll
0x77ee0000  0x4e000   C:\Windows\system32\GDI32.dll
0x77ed0000  0xa000    C:\Windows\system32\LPK.dll
0x77940000  0x9d000   C:\Windows\system32\USP10.dll
0x71da0000  0x5c000   C:\Windows\system32\wbemcomn.dll
0x764f0000  0x8f000   C:\Windows\system32\OLEAUT32.dll
0x762b0000  0x15c000  C:\Windows\system32\ole32.dll
0x77a10000  0x35000   C:\Windows\system32\WS2_32.dll
0x77eb0000  0x6000    C:\Windows\system32\NSI.dll
0x71bf0000  0x96000   C:\Windows\system32\wbem\FastProx.dll
0x71b90000  0x18000   C:\Windows\system32\NTDSAPI.dll
0x71540000  0xf000    C:\Windows\system32\NCObjAPI.DLL
0x77f30000  0x1f000   C:\Windows\system32\IMM32.DLL
0x76660000  0xcc000   C:\Windows\system32\MSCTF.dll
0x75e50000  0xc000    C:\Windows\system32\CRYPTBASE.dll
0x75490000  0x21000   C:\Windows\system32\ntmarta.dll
0x77f50000  0x45000   C:\Windows\system32\WLDAP32.dll
0x778b0000  0x83000   C:\Windows\system32\CLBCatQ.DLL
0x71b80000  0xa000    C:\Windows\system32\wbem\wbemprox.dll
0x75980000  0x16000   C:\Windows\system32\CRYPTSP.dll
0x75720000  0x3b000   C:\Windows\system32\rsaenh.dll
0x75ef0000  0xe000    C:\Windows\system32\RpcRtRemote.dll
0x71850000  0xf000    C:\Windows\system32\wbem\wbemsvc.dll
0x71830000  0x17000   C:\Windows\system32\wbem\wmiutils.dll
0x6d640000  0x14a000  C:\Windows\system32\wbem\cimwin32.dll
0x6fa70000  0x35000   C:\Windows\system32\framedynos.dll
0x75de0000  0x1b000   C:\Windows\system32\SspiCli.dll
0x75500000  0xd000    C:\Windows\system32\WTSAPI32.dll
0x70830000  0x7000    C:\Windows\system32\WINBRAND.dll
------------------------------------------------------------------------------
Listdlls.exe pid: 3948
Command line: ..\sysinternals\Listdlls  /accepteula 

Base        Size      Path
0x01240000  0x69000   D:\sysinternals\Listdlls.exe
0x77d70000  0x13c000  C:\Windows\SYSTEM32\ntdll.dll
0x76410000  0xd4000   C:\Windows\system32\kernel32.dll
0x76010000  0x4b000   C:\Windows\system32\KERNELBASE.dll
0x754f0000  0x9000    C:\Windows\system32\VERSION.dll
0x76200000  0xac000   C:\Windows\system32\msvcrt.dll
0x779e0000  0x2a000   C:\Windows\system32\imagehlp.dll
0x77810000  0xa0000   C:\Windows\system32\ADVAPI32.dll
0x77380000  0x19000   C:\Windows\SYSTEM32\sechost.dll
0x77760000  0xa1000   C:\Windows\system32\RPCRT4.dll
0x76080000  0x11e000  C:\Windows\system32\CRYPT32.dll
0x75f70000  0xc000    C:\Windows\system32\MSASN1.dll
0x77570000  0xc9000   C:\Windows\system32\USER32.dll
0x77ee0000  0x4e000   C:\Windows\system32\GDI32.dll
0x77ed0000  0xa000    C:\Windows\system32\LPK.dll
0x77940000  0x9d000   C:\Windows\system32\USP10.dll
0x765e0000  0x7b000   C:\Windows\system32\COMDLG32.dll
0x77a50000  0x57000   C:\Windows\system32\SHLWAPI.dll
0x74d00000  0x19e000  C:\Windows\WinSxS\x86_microsoft.windows.common-controls_6595b64144ccf1df_6.0.7601.17514_none_41e6975e2bd6f2b2\COMCTL32.dll
0x76730000  0xc4a000  C:\Windows\system32\SHELL32.dll
0x764f0000  0x8f000   C:\Windows\system32\OLEAUT32.dll
0x762b0000  0x15c000  C:\Windows\system32\ole32.dll
0x77f30000  0x1f000   C:\Windows\system32\IMM32.DLL
0x76660000  0xcc000   C:\Windows\system32\MSCTF.dll
0x710f0000  0xeb000   C:\Windows\system32\dbghelp.dll
