RESULT OF CProcess 
TIMESTAMP: 2022-02-21 08:35:20,11 Romance Standard Time 
-------------------------------------------- 
==================================================
Process Name             : smss.exe
ProcessID                : 288
Priority                 : Normal
Product Name             : Sistema operativo Microsoft® Windows®
Version                  : 6.1.7600.16385 (win7_rtm.090713-1255)
Description              : Administrador de sesión de Windows
Company                  : Microsoft Corporation
Window Title             : 
File Size                : 69.632
File Created Date        : 01/10/2013 14:43:49
File Modified Date       : 19/03/2013 2:49:16
Filename                 : C:\Windows\System32\smss.exe
Base Address             : 0x480B0000
Created On               : 21/02/2022 8:34:00
Visible Windows          : 0
Hidden Windows           : 0
User Name                : NT AUTHORITY\SYSTEM
Mem Usage                : 860 K
Mem Usage Peak           : 884 K
Page Faults              : 326
Pagefile Usage           : 308 K
Pagefile Peak Usage      : 364 K
File Attributes          : A
==================================================

==================================================
Process Name             : csrss.exe
ProcessID                : 364
Priority                 : Normal
Product Name             : Sistema operativo Microsoft® Windows®
Version                  : 6.1.7600.16385 (win7_rtm.090713-1255)
Description              : Proceso en tiempo de ejecución del cliente-servidor
Company                  : Microsoft Corporation
Window Title             : 
File Size                : 6.144
File Created Date        : 13/07/2009 23:11:09
File Modified Date       : 14/07/2009 1:14:16
Filename                 : C:\Windows\system32\csrss.exe
Base Address             : 0x49F40000
Created On               : 21/02/2022 8:34:01
Visible Windows          : 0
Hidden Windows           : 0
User Name                : NT AUTHORITY\SYSTEM
Mem Usage                : 3044 K
Mem Usage Peak           : 3048 K
Page Faults              : 910
Pagefile Usage           : 1264 K
Pagefile Peak Usage      : 1264 K
File Attributes          : A
==================================================

==================================================
Process Name             : wininit.exe
ProcessID                : 412
Priority                 : High
Product Name             : Sistema operativo Microsoft® Windows®
Version                  : 6.1.7600.16385 (win7_rtm.090713-1255)
Description              : Aplicación de inicio de Windows
Company                  : Microsoft Corporation
Window Title             : 
File Size                : 96.256
File Created Date        : 13/07/2009 23:36:49
File Modified Date       : 14/07/2009 1:14:45
Filename                 : C:\Windows\system32\wininit.exe
Base Address             : 0x004C0000
Created On               : 21/02/2022 8:34:01
Visible Windows          : 0
Hidden Windows           : 0
User Name                : NT AUTHORITY\SYSTEM
Mem Usage                : 3376 K
Mem Usage Peak           : 3444 K
Page Faults              : 1083
Pagefile Usage           : 976 K
Pagefile Peak Usage      : 1120 K
File Attributes          : A
==================================================

==================================================
Process Name             : csrss.exe
ProcessID                : 420
Priority                 : Normal
Product Name             : Sistema operativo Microsoft® Windows®
Version                  : 6.1.7600.16385 (win7_rtm.090713-1255)
Description              : Proceso en tiempo de ejecución del cliente-servidor
Company                  : Microsoft Corporation
Window Title             : 
File Size                : 6.144
File Created Date        : 13/07/2009 23:11:09
File Modified Date       : 14/07/2009 1:14:16
Filename                 : C:\Windows\system32\csrss.exe
Base Address             : 0x49F40000
Created On               : 21/02/2022 8:34:01
Visible Windows          : 0
Hidden Windows           : 0
User Name                : NT AUTHORITY\SYSTEM
Mem Usage                : 4380 K
Mem Usage Peak           : 4388 K
Page Faults              : 1512
Pagefile Usage           : 1524 K
Pagefile Peak Usage      : 1524 K
File Attributes          : A
==================================================

==================================================
Process Name             : winlogon.exe
ProcessID                : 460
Priority                 : High
Product Name             : Sistema operativo Microsoft® Windows®
Version                  : 6.1.7601.17514 (win7sp1_rtm.101119-1850)
Description              : Aplicación de inicio de sesión de Windows
Company                  : Microsoft Corporation
Window Title             : 
File Size                : 286.720
File Created Date        : 08/01/2015 17:06:55
File Modified Date       : 20/11/2010 12:17:54
Filename                 : C:\Windows\system32\winlogon.exe
Base Address             : 0x006C0000
Created On               : 21/02/2022 8:34:01
Visible Windows          : 0
Hidden Windows           : 0
User Name                : NT AUTHORITY\SYSTEM
Mem Usage                : 5176 K
Mem Usage Peak           : 6588 K
Page Faults              : 2777
Pagefile Usage           : 2164 K
Pagefile Peak Usage      : 3160 K
File Attributes          : A
==================================================

==================================================
Process Name             : services.exe
ProcessID                : 504
Priority                 : Normal
Product Name             : Sistema operativo Microsoft® Windows®
Version                  : 6.1.7600.16385 (win7_rtm.090713-1255)
Description              : Aplicación de servicios y controlador
Company                  : Microsoft Corporation
Window Title             : 
File Size                : 259.072
File Created Date        : 13/07/2009 23:11:26
File Modified Date       : 14/07/2009 1:14:36
Filename                 : C:\Windows\system32\services.exe
Base Address             : 0x00BC0000
Created On               : 21/02/2022 8:34:01
Visible Windows          : 0
Hidden Windows           : 0
User Name                : NT AUTHORITY\SYSTEM
Mem Usage                : 6096 K
Mem Usage Peak           : 6508 K
Page Faults              : 1945
Pagefile Usage           : 3164 K
Pagefile Peak Usage      : 3736 K
File Attributes          : A
==================================================

==================================================
Process Name             : lsass.exe
ProcessID                : 520
Priority                 : Normal
Product Name             : Microsoft® Windows® Operating System
Version                  : 6.1.7601.17725 (win7sp1_gdr.111116-1503)
Description              : Local Security Authority Process
Company                  : Microsoft Corporation
Window Title             : 
File Size                : 22.528
File Created Date        : 01/10/2013 14:40:47
File Modified Date       : 17/11/2011 5:29:50
Filename                 : C:\Windows\system32\lsass.exe
Base Address             : 0x00430000
Created On               : 21/02/2022 8:34:01
Visible Windows          : 0
Hidden Windows           : 0
User Name                : NT AUTHORITY\SYSTEM
Mem Usage                : 7132 K
Mem Usage Peak           : 7180 K
Page Faults              : 1974
Pagefile Usage           : 2816 K
Pagefile Peak Usage      : 2892 K
File Attributes          : A
==================================================

==================================================
Process Name             : lsm.exe
ProcessID                : 528
Priority                 : Normal
Product Name             : Sistema operativo Microsoft® Windows®
Version                  : 6.1.7600.16385 (win7_rtm.090713-1255)
Description              : Servicio de administrador de sesión local
Company                  : Microsoft Corporation
Window Title             : 
File Size                : 267.776
File Created Date        : 08/01/2015 17:06:53
File Modified Date       : 20/11/2010 12:17:16
Filename                 : C:\Windows\system32\lsm.exe
Base Address             : 0x00660000
Created On               : 21/02/2022 8:34:01
Visible Windows          : 0
Hidden Windows           : 0
User Name                : NT AUTHORITY\SYSTEM
Mem Usage                : 3128 K
Mem Usage Peak           : 3196 K
Page Faults              : 815
Pagefile Usage           : 1380 K
Pagefile Peak Usage      : 1456 K
File Attributes          : A
==================================================

==================================================
Process Name             : svchost.exe
ProcessID                : 624
Priority                 : Normal
Product Name             : Sistema operativo Microsoft® Windows®
Version                  : 6.1.7600.16385 (win7_rtm.090713-1255)
Description              : Proceso host para los servicios de Windows
Company                  : Microsoft Corporation
Window Title             : 
File Size                : 20.992
File Created Date        : 13/07/2009 23:19:28
File Modified Date       : 14/07/2009 1:14:41
Filename                 : C:\Windows\system32\svchost.exe
Base Address             : 0x00D70000
Created On               : 21/02/2022 8:34:01
Visible Windows          : 0
Hidden Windows           : 0
User Name                : NT AUTHORITY\SYSTEM
Mem Usage                : 6908 K
Mem Usage Peak           : 7036 K
Page Faults              : 2594
Pagefile Usage           : 3012 K
Pagefile Peak Usage      : 3048 K
File Attributes          : A
==================================================

==================================================
Process Name             : VBoxService.exe
ProcessID                : 692
Priority                 : Normal
Product Name             : Oracle VM VirtualBox Guest Additions
Version                  : 4.2.6.82870
Description              : VirtualBox Guest Additions Service
Company                  : Oracle Corporation
Window Title             : 
File Size                : 1.438.120
File Created Date        : 19/12/2012 14:00:06
File Modified Date       : 19/12/2012 14:00:06
Filename                 : C:\Windows\system32\VBoxService.exe
Base Address             : 0x00A70000
Created On               : 21/02/2022 8:34:01
Visible Windows          : 0
Hidden Windows           : 0
User Name                : NT AUTHORITY\SYSTEM
Mem Usage                : 4188 K
Mem Usage Peak           : 4204 K
Page Faults              : 1336
Pagefile Usage           : 1632 K
Pagefile Peak Usage      : 1656 K
File Attributes          : A
==================================================

==================================================
Process Name             : svchost.exe
ProcessID                : 748
Priority                 : Normal
Product Name             : Sistema operativo Microsoft® Windows®
Version                  : 6.1.7600.16385 (win7_rtm.090713-1255)
Description              : Proceso host para los servicios de Windows
Company                  : Microsoft Corporation
Window Title             : 
File Size                : 20.992
File Created Date        : 13/07/2009 23:19:28
File Modified Date       : 14/07/2009 1:14:41
Filename                 : C:\Windows\system32\svchost.exe
Base Address             : 0x00D70000
Created On               : 21/02/2022 8:34:01
Visible Windows          : 0
Hidden Windows           : 0
User Name                : NT AUTHORITY\Servicio de red
Mem Usage                : 5332 K
Mem Usage Peak           : 5420 K
Page Faults              : 1490
Pagefile Usage           : 2412 K
Pagefile Peak Usage      : 2528 K
File Attributes          : A
==================================================

==================================================
Process Name             : svchost.exe
ProcessID                : 856
Priority                 : Normal
Product Name             : Sistema operativo Microsoft® Windows®
Version                  : 6.1.7600.16385 (win7_rtm.090713-1255)
Description              : Proceso host para los servicios de Windows
Company                  : Microsoft Corporation
Window Title             : 
File Size                : 20.992
File Created Date        : 13/07/2009 23:19:28
File Modified Date       : 14/07/2009 1:14:41
Filename                 : C:\Windows\System32\svchost.exe
Base Address             : 0x00D70000
Created On               : 21/02/2022 8:34:01
Visible Windows          : 0
Hidden Windows           : 0
User Name                : NT AUTHORITY\SERVICIO LOCAL
Mem Usage                : 11260 K
Mem Usage Peak           : 11264 K
Page Faults              : 3424
Pagefile Usage           : 12272 K
Pagefile Peak Usage      : 12452 K
File Attributes          : A
==================================================

==================================================
Process Name             : svchost.exe
ProcessID                : 896
Priority                 : Normal
Product Name             : Sistema operativo Microsoft® Windows®
Version                  : 6.1.7600.16385 (win7_rtm.090713-1255)
Description              : Proceso host para los servicios de Windows
Company                  : Microsoft Corporation
Window Title             : 
File Size                : 20.992
File Created Date        : 13/07/2009 23:19:28
File Modified Date       : 14/07/2009 1:14:41
Filename                 : C:\Windows\System32\svchost.exe
Base Address             : 0x00D70000
Created On               : 21/02/2022 8:34:01
Visible Windows          : 0
Hidden Windows           : 0
User Name                : NT AUTHORITY\SYSTEM
Mem Usage                : 38024 K
Mem Usage Peak           : 49720 K
Page Faults              : 20384
Pagefile Usage           : 33028 K
Pagefile Peak Usage      : 44536 K
File Attributes          : A
==================================================

==================================================
Process Name             : svchost.exe
ProcessID                : 936
Priority                 : Normal
Product Name             : Sistema operativo Microsoft® Windows®
Version                  : 6.1.7600.16385 (win7_rtm.090713-1255)
Description              : Proceso host para los servicios de Windows
Company                  : Microsoft Corporation
Window Title             : 
File Size                : 20.992
File Created Date        : 13/07/2009 23:19:28
File Modified Date       : 14/07/2009 1:14:41
Filename                 : C:\Windows\system32\svchost.exe
Base Address             : 0x00D70000
Created On               : 21/02/2022 8:34:01
Visible Windows          : 0
Hidden Windows           : 0
User Name                : NT AUTHORITY\SYSTEM
Mem Usage                : 18112 K
Mem Usage Peak           : 18428 K
Page Faults              : 7017
Pagefile Usage           : 9356 K
Pagefile Peak Usage      : 9400 K
File Attributes          : A
==================================================

==================================================
Process Name             : svchost.exe
ProcessID                : 1088
Priority                 : Normal
Product Name             : Sistema operativo Microsoft® Windows®
Version                  : 6.1.7600.16385 (win7_rtm.090713-1255)
Description              : Proceso host para los servicios de Windows
Company                  : Microsoft Corporation
Window Title             : 
File Size                : 20.992
File Created Date        : 13/07/2009 23:19:28
File Modified Date       : 14/07/2009 1:14:41
Filename                 : C:\Windows\system32\svchost.exe
Base Address             : 0x00D70000
Created On               : 21/02/2022 8:34:01
Visible Windows          : 0
Hidden Windows           : 0
User Name                : NT AUTHORITY\SERVICIO LOCAL
Mem Usage                : 7352 K
Mem Usage Peak           : 7440 K
Page Faults              : 2017
Pagefile Usage           : 4024 K
Pagefile Peak Usage      : 4120 K
File Attributes          : A
==================================================

==================================================
Process Name             : svchost.exe
ProcessID                : 1204
Priority                 : Normal
Product Name             : Sistema operativo Microsoft® Windows®
Version                  : 6.1.7600.16385 (win7_rtm.090713-1255)
Description              : Proceso host para los servicios de Windows
Company                  : Microsoft Corporation
Window Title             : 
File Size                : 20.992
File Created Date        : 13/07/2009 23:19:28
File Modified Date       : 14/07/2009 1:14:41
Filename                 : C:\Windows\system32\svchost.exe
Base Address             : 0x00D70000
Created On               : 21/02/2022 8:34:01
Visible Windows          : 0
Hidden Windows           : 0
User Name                : NT AUTHORITY\Servicio de red
Mem Usage                : 10032 K
Mem Usage Peak           : 10192 K
Page Faults              : 7109
Pagefile Usage           : 8388 K
Pagefile Peak Usage      : 8536 K
File Attributes          : A
==================================================

==================================================
Process Name             : taskeng.exe
ProcessID                : 1388
Priority                 : Below Normal
Product Name             : Sistema operativo Microsoft® Windows®
Version                  : 6.1.7600.16385 (win7_rtm.090713-1255)
Description              : Motor de Programador de tareas
Company                  : Microsoft Corporation
Window Title             : 
File Size                : 192.000
File Created Date        : 08/01/2015 17:06:44
File Modified Date       : 20/11/2010 12:17:47
Filename                 : C:\Windows\system32\taskeng.exe
Base Address             : 0x00500000
Created On               : 21/02/2022 8:34:02
Visible Windows          : 0
Hidden Windows           : 0
User Name                : NT AUTHORITY\SYSTEM
Mem Usage                : 3864 K
Mem Usage Peak           : 4000 K
Page Faults              : 1249
Pagefile Usage           : 1184 K
Pagefile Peak Usage      : 1256 K
File Attributes          : A
==================================================

==================================================
Process Name             : spoolsv.exe
ProcessID                : 1396
Priority                 : Normal
Product Name             : Sistema operativo Microsoft® Windows®
Version                  : 6.1.7600.16385 (win7_rtm.090713-1255)
Description              : Aplicación de subsistema de cola
Company                  : Microsoft Corporation
Window Title             : 
File Size                : 317.440
File Created Date        : 01/10/2013 14:40:46
File Modified Date       : 11/02/2012 5:37:49
Filename                 : C:\Windows\System32\spoolsv.exe
Base Address             : 0x007C0000
Created On               : 21/02/2022 8:34:02
Visible Windows          : 0
Hidden Windows           : 0
User Name                : NT AUTHORITY\SYSTEM
Mem Usage                : 8452 K
Mem Usage Peak           : 8684 K
Page Faults              : 2457
Pagefile Usage           : 4676 K
Pagefile Peak Usage      : 4836 K
File Attributes          : A
==================================================

==================================================
Process Name             : svchost.exe
ProcessID                : 1432
Priority                 : Normal
Product Name             : Sistema operativo Microsoft® Windows®
Version                  : 6.1.7600.16385 (win7_rtm.090713-1255)
Description              : Proceso host para los servicios de Windows
Company                  : Microsoft Corporation
Window Title             : 
File Size                : 20.992
File Created Date        : 13/07/2009 23:19:28
File Modified Date       : 14/07/2009 1:14:41
Filename                 : C:\Windows\system32\svchost.exe
Base Address             : 0x00D70000
Created On               : 21/02/2022 8:34:02
Visible Windows          : 0
Hidden Windows           : 0
User Name                : NT AUTHORITY\SERVICIO LOCAL
Mem Usage                : 9580 K
Mem Usage Peak           : 9712 K
Page Faults              : 2992
Pagefile Usage           : 8588 K
Pagefile Peak Usage      : 8764 K
File Attributes          : A
==================================================

==================================================
Process Name             : svchost.exe
ProcessID                : 1576
Priority                 : Normal
Product Name             : Sistema operativo Microsoft® Windows®
Version                  : 6.1.7600.16385 (win7_rtm.090713-1255)
Description              : Proceso host para los servicios de Windows
Company                  : Microsoft Corporation
Window Title             : 
File Size                : 20.992
File Created Date        : 13/07/2009 23:19:28
File Modified Date       : 14/07/2009 1:14:41
Filename                 : C:\Windows\system32\svchost.exe
Base Address             : 0x00D70000
Created On               : 21/02/2022 8:34:02
Visible Windows          : 0
Hidden Windows           : 0
User Name                : NT AUTHORITY\SERVICIO LOCAL
Mem Usage                : 6748 K
Mem Usage Peak           : 6784 K
Page Faults              : 1823
Pagefile Usage           : 3704 K
Pagefile Peak Usage      : 3788 K
File Attributes          : A
==================================================

==================================================
Process Name             : TrustedInstaller.exe
ProcessID                : 2044
Priority                 : Normal
Product Name             : Sistema operativo Microsoft® Windows®
Version                  : 6.1.7600.16385 (win7_rtm.090713-1255)
Description              : Instalador de módulos de Windows
Company                  : Microsoft Corporation
Window Title             : 
File Size                : 204.800
File Created Date        : 08/01/2015 17:06:17
File Modified Date       : 20/11/2010 12:17:48
Filename                 : C:\Windows\servicing\TrustedInstaller.exe
Base Address             : 0x007E0000
Created On               : 21/02/2022 8:34:03
Visible Windows          : 0
Hidden Windows           : 0
User Name                : NT AUTHORITY\SYSTEM
Mem Usage                : 6752 K
Mem Usage Peak           : 7072 K
Page Faults              : 2355
Pagefile Usage           : 2208 K
Pagefile Peak Usage      : 2592 K
File Attributes          : A
==================================================

==================================================
Process Name             : sppsvc.exe
ProcessID                : 1324
Priority                 : Normal
Product Name             : Sistema operativo Microsoft® Windows®
Version                  : 6.1.7600.16385 (win7_rtm.090713-1255)
Description              : Servicio de plataforma de protección de software de Microsoft
Company                  : Microsoft Corporation
Window Title             : 
File Size                : 3.179.520
File Created Date        : 08/01/2015 17:06:27
File Modified Date       : 20/11/2010 12:17:30
Filename                 : C:\Windows\system32\sppsvc.exe
Base Address             : 0x00D20000
Created On               : 21/02/2022 8:34:08
Visible Windows          : 0
Hidden Windows           : 0
User Name                : NT AUTHORITY\Servicio de red
Mem Usage                : 10128 K
Mem Usage Peak           : 12704 K
Page Faults              : 4101
Pagefile Usage           : 5260 K
Pagefile Peak Usage      : 8360 K
File Attributes          : A
==================================================

==================================================
Process Name             : taskhost.exe
ProcessID                : 524
Priority                 : Normal
Product Name             : Sistema operativo Microsoft® Windows®
Version                  : 6.1.7600.16385 (win7_rtm.090713-1255)
Description              : Proceso de host para tareas de Windows
Company                  : Microsoft Corporation
Window Title             : 
File Size                : 49.152
File Created Date        : 08/01/2015 17:06:20
File Modified Date       : 20/11/2010 12:17:47
Filename                 : C:\Windows\system32\taskhost.exe
Base Address             : 0x00D70000
Created On               : 21/02/2022 8:34:08
Visible Windows          : 0
Hidden Windows           : 8
User Name                : alumno-PC\alumno
Mem Usage                : 5836 K
Mem Usage Peak           : 5836 K
Page Faults              : 1939
Pagefile Usage           : 2652 K
Pagefile Peak Usage      : 2652 K
File Attributes          : A
==================================================

==================================================
Process Name             : GoogleCrashHandler.exe
ProcessID                : 1964
Priority                 : Low
Product Name             : Google Update
Version                  : 1.3.36.121
Description              : Google Crash Handler
Company                  : Google LLC
Window Title             : 
File Size                : 299.592
File Created Date        : 19/02/2022 2:09:13
File Modified Date       : 19/02/2022 2:09:10
Filename                 : C:\Program Files\Google\Update\1.3.36.122\GoogleCrashHandler.exe
Base Address             : 0x00080000
Created On               : 21/02/2022 8:34:08
Visible Windows          : 0
Hidden Windows           : 0
User Name                : NT AUTHORITY\SYSTEM
Mem Usage                : 752 K
Mem Usage Peak           : 3588 K
Page Faults              : 1073
Pagefile Usage           : 1232 K
Pagefile Peak Usage      : 1236 K
File Attributes          : A
==================================================

==================================================
Process Name             : Dwm.exe
ProcessID                : 948
Priority                 : Normal
Product Name             : Sistema operativo Microsoft® Windows®
Version                  : 6.1.7600.16385 (win7_rtm.090713-1255)
Description              : Administrador de ventanas del escritorio
Company                  : Microsoft Corporation
Window Title             : 
File Size                : 92.672
File Created Date        : 13/07/2009 23:24:23
File Modified Date       : 14/07/2009 1:14:19
Filename                 : C:\Windows\system32\Dwm.exe
Base Address             : 0x00EF0000
Created On               : 21/02/2022 8:34:12
Visible Windows          : 0
Hidden Windows           : 1
User Name                : alumno-PC\alumno
Mem Usage                : 4144 K
Mem Usage Peak           : 4340 K
Page Faults              : 1257
Pagefile Usage           : 1308 K
Pagefile Peak Usage      : 1420 K
File Attributes          : A
==================================================

==================================================
Process Name             : Explorer.EXE
ProcessID                : 848
Priority                 : Normal
Product Name             : Sistema operativo Microsoft® Windows®
Version                  : 6.1.7600.16385 (win7_rtm.090713-1255)
Description              : Explorador de Windows
Company                  : Microsoft Corporation
Window Title             : Inicio
File Size                : 2.616.320
File Created Date        : 01/10/2013 14:41:04
File Modified Date       : 25/02/2011 5:30:54
Filename                 : C:\Windows\Explorer.EXE
Base Address             : 0x00790000
Created On               : 21/02/2022 8:34:12
Visible Windows          : 4
Hidden Windows           : 62
User Name                : alumno-PC\alumno
Mem Usage                : 39992 K
Mem Usage Peak           : 42044 K
Page Faults              : 16997
Pagefile Usage           : 32752 K
Pagefile Peak Usage      : 36372 K
File Attributes          : A
==================================================

==================================================
Process Name             : VBoxTray.exe
ProcessID                : 1560
Priority                 : Normal
Product Name             : Oracle VM VirtualBox Guest Additions
Version                  : 4.2.6.82870
Description              : VirtualBox Guest Additions Tray Application
Company                  : Oracle Corporation
Window Title             : 
File Size                : 1.261.992
File Created Date        : 19/12/2012 14:00:10
File Modified Date       : 19/12/2012 14:00:10
Filename                 : C:\Windows\System32\VBoxTray.exe
Base Address             : 0x011D0000
Created On               : 21/02/2022 8:34:13
Visible Windows          : 0
Hidden Windows           : 3
User Name                : alumno-PC\alumno
Mem Usage                : 4380 K
Mem Usage Peak           : 4380 K
Page Faults              : 1107
Pagefile Usage           : 1188 K
Pagefile Peak Usage      : 1188 K
File Attributes          : A
==================================================

==================================================
Process Name             : SearchIndexer.exe
ProcessID                : 2256
Priority                 : Normal
Product Name             : Windows® Search
Version                  : 7.00.7600.16385 (win7_rtm.090713-1255)
Description              : Indizador de Microsoft Windows Search
Company                  : Microsoft Corporation
Window Title             : 
File Size                : 427.520
File Created Date        : 01/10/2013 14:42:39
File Modified Date       : 04/05/2011 4:28:31
Filename                 : C:\Windows\system32\SearchIndexer.exe
Base Address             : 0x00150000
Created On               : 21/02/2022 8:34:19
Visible Windows          : 0
Hidden Windows           : 0
User Name                : NT AUTHORITY\SYSTEM
Mem Usage                : 9644 K
Mem Usage Peak           : 10180 K
Page Faults              : 7003
Pagefile Usage           : 15756 K
Pagefile Peak Usage      : 15772 K
File Attributes          : A
==================================================

==================================================
Process Name             : SearchProtocolHost.exe
ProcessID                : 2320
Priority                 : Low
Product Name             : Windows® Search
Version                  : 7.00.7601.17610 (win7sp1_gdr.110503-1502)
Description              : Microsoft Windows Search Protocol Host
Company                  : Microsoft Corporation
Window Title             : 
File Size                : 164.352
File Created Date        : 01/10/2013 14:42:38
File Modified Date       : 04/05/2011 4:28:31
Filename                 : C:\Windows\system32\SearchProtocolHost.exe
Base Address             : 0x00ED0000
Created On               : 21/02/2022 8:34:19
Visible Windows          : 0
Hidden Windows           : 0
User Name                : alumno-PC\alumno
Mem Usage                : 4316 K
Mem Usage Peak           : 4348 K
Page Faults              : 1194
Pagefile Usage           : 1592 K
Pagefile Peak Usage      : 1592 K
File Attributes          : A
==================================================

==================================================
Process Name             : SearchFilterHost.exe
ProcessID                : 2340
Priority                 : Low
Product Name             : Windows® Search
Version                  : 7.00.7601.17610 (win7sp1_gdr.110503-1502)
Description              : Microsoft Windows Search Filter Host
Company                  : Microsoft Corporation
Window Title             : 
File Size                : 86.528
File Created Date        : 01/10/2013 14:42:38
File Modified Date       : 04/05/2011 4:28:31
Filename                 : C:\Windows\system32\SearchFilterHost.exe
Base Address             : 0x00030000
Created On               : 21/02/2022 8:34:19
Visible Windows          : 0
Hidden Windows           : 0
User Name                : NT AUTHORITY\SYSTEM
Mem Usage                : 3612 K
Mem Usage Peak           : 3612 K
Page Faults              : 1008
Pagefile Usage           : 1164 K
Pagefile Peak Usage      : 1164 K
File Attributes          : A
==================================================

==================================================
Process Name             : cmd.exe
ProcessID                : 2908
Priority                 : Normal
Product Name             : Sistema operativo Microsoft® Windows®
Version                  : 6.1.7601.17514 (win7sp1_rtm.101119-1850)
Description              : Procesador de comandos de Windows
Company                  : Microsoft Corporation
Window Title             : C:\Windows\System32\cmd.exe
File Size                : 302.592
File Created Date        : 08/01/2015 17:06:50
File Modified Date       : 20/11/2010 12:17:00
Filename                 : C:\Windows\System32\cmd.exe
Base Address             : 0x4AC60000
Created On               : 21/02/2022 8:34:54
Visible Windows          : 1
Hidden Windows           : 0
User Name                : alumno-PC\alumno
Mem Usage                : 3080 K
Mem Usage Peak           : 3088 K
Page Faults              : 950
Pagefile Usage           : 2168 K
Pagefile Peak Usage      : 2272 K
File Attributes          : A
==================================================

==================================================
Process Name             : conhost.exe
ProcessID                : 2916
Priority                 : Normal
Product Name             : Sistema operativo Microsoft® Windows®
Version                  : 6.1.7600.16385 (win7_rtm.090713-1255)
Description              : Host de ventana de consola
Company                  : Microsoft Corporation
Window Title             : 
File Size                : 271.360
File Created Date        : 01/10/2013 14:44:12
File Modified Date       : 30/11/2012 2:55:25
Filename                 : C:\Windows\system32\conhost.exe
Base Address             : 0x00D90000
Created On               : 21/02/2022 8:34:54
Visible Windows          : 0
Hidden Windows           : 2
User Name                : alumno-PC\alumno
Mem Usage                : 4380 K
Mem Usage Peak           : 4388 K
Page Faults              : 1236
Pagefile Usage           : 1100 K
Pagefile Peak Usage      : 1116 K
File Attributes          : A
==================================================

==================================================
Process Name             : wmiprvse.exe
ProcessID                : 3836
Priority                 : Normal
Product Name             : Microsoft® Windows® Operating System
Version                  : 6.1.7601.17514 (win7sp1_rtm.101119-1850)
Description              : WMI Provider Host
Company                  : Microsoft Corporation
Window Title             : 
File Size                : 257.536
File Created Date        : 08/01/2015 17:06:53
File Modified Date       : 20/11/2010 12:17:55
Filename                 : C:\Windows\system32\wbem\wmiprvse.exe
Base Address             : 0x00260000
Created On               : 21/02/2022 8:35:15
Visible Windows          : 0
Hidden Windows           : 0
User Name                : NT AUTHORITY\Servicio de red
Mem Usage                : 5384 K
Mem Usage Peak           : 5632 K
Page Faults              : 1684
Pagefile Usage           : 2612 K
Pagefile Peak Usage      : 2740 K
File Attributes          : A
==================================================

==================================================
Process Name             : CProcess.exe
ProcessID                : 4044
Priority                 : Normal
Product Name             : CurrProcess
Version                  : 1.13
Description              : CurrProcess
Company                  : NirSoft
Window Title             : 
File Size                : 36.352
File Created Date        : 20/02/2022 22:32:42
File Modified Date       : 22/05/2008 8:45:40
Filename                 : D:\Windows-Nirsoft\system-tools\CProcess.exe
Base Address             : 0x00400000
Created On               : 21/02/2022 8:35:20
Visible Windows          : 0
Hidden Windows           : 0
User Name                : alumno-PC\alumno
Mem Usage                : 3432 K
Mem Usage Peak           : 3432 K
Page Faults              : 1085
Pagefile Usage           : 1128 K
Pagefile Peak Usage      : 1308 K
File Attributes          : 
==================================================

