RESULT OF MyLastSearch 
TIMESTAMP: 2022-02-21 08:37:01,96 Romance Standard Time 
-------------------------------------------- 
==================================================
Search Text       : C
Search Engine     : Google
Search Type       : General
Search Time       : 17/09/2020 9:58:40
Web Browser       : Mozilla
Hits              : 1600333120
URL               : https://www.google.com/complete/search?q=C&cp=1&client=psy-ab&xssi=t&gs_ri=gws-wiz&hl=es-419&authuser=0&psi=QiVjX_fNN8SsaZWKvfgO.1600333117375&dpr=1
==================================================

==================================================
Search Text       : chrome setup
Search Engine     : Google
Search Type       : General
Search Time       : 17/09/2020 9:39:51
Web Browser       : Mozilla
Hits              : 1600331982
URL               : https://www.google.com/search?client=firefox-b-d&q=chrome+setup
==================================================

==================================================
Search Text       : Co
Search Engine     : Google
Search Type       : General
Search Time       : 17/09/2020 9:58:40
Web Browser       : Mozilla
Hits              : 1600333120
URL               : https://www.google.com/complete/search?q=Co&cp=2&client=psy-ab&xssi=t&gs_ri=gws-wiz&hl=es-419&authuser=0&psi=QiVjX_fNN8SsaZWKvfgO.1600333117375&dpr=1
==================================================

==================================================
Search Text       : Com
Search Engine     : Google
Search Type       : General
Search Time       : 17/09/2020 9:58:40
Web Browser       : Mozilla
Hits              : 1600333120
URL               : https://www.google.com/complete/search?q=Com&cp=3&client=psy-ab&xssi=t&gs_ri=gws-wiz&hl=es-419&authuser=0&psi=QiVjX_fNN8SsaZWKvfgO.1600333117375&dpr=1
==================================================

==================================================
Search Text       : Como
Search Engine     : Google
Search Type       : General
Search Time       : 17/09/2020 9:58:40
Web Browser       : Mozilla
Hits              : 1600333120
URL               : https://www.google.com/complete/search?q=Como&cp=4&client=psy-ab&xssi=t&gs_ri=gws-wiz&hl=es-419&authuser=0&psi=QiVjX_fNN8SsaZWKvfgO.1600333117375&dpr=1
==================================================

==================================================
Search Text       : Como 
Search Engine     : Google
Search Type       : General
Search Time       : 17/09/2020 9:58:41
Web Browser       : Mozilla
Hits              : 1600333121
URL               : https://www.google.com/complete/search?q=Como%20&cp=5&client=psy-ab&xssi=t&gs_ri=gws-wiz&hl=es-419&authuser=0&psi=QiVjX_fNN8SsaZWKvfgO.1600333117375&dpr=1
==================================================

==================================================
Search Text       : Como c
Search Engine     : Google
Search Type       : General
Search Time       : 17/09/2020 9:59:33
Web Browser       : Mozilla
Hits              : 1600333173
URL               : https://www.google.com/complete/search?q=Como%20c&cp=6&client=psy-ab&xssi=t&gs_ri=gws-wiz&hl=es-419&authuser=0&psi=QiVjX_fNN8SsaZWKvfgO.1600333117375&dpr=1
==================================================

==================================================
Search Text       : Como cr
Search Engine     : Google
Search Type       : General
Search Time       : 17/09/2020 9:59:33
Web Browser       : Mozilla
Hits              : 1600333173
URL               : https://www.google.com/complete/search?q=Como%20cr&cp=7&client=psy-ab&xssi=t&gs_ri=gws-wiz&hl=es-419&authuser=0&psi=QiVjX_fNN8SsaZWKvfgO.1600333117375&dpr=1
==================================================

==================================================
Search Text       : Como cra
Search Engine     : Google
Search Type       : General
Search Time       : 17/09/2020 9:59:34
Web Browser       : Mozilla
Hits              : 1600333174
URL               : https://www.google.com/complete/search?q=Como%20cra&cp=8&client=psy-ab&xssi=t&gs_ri=gws-wiz&hl=es-419&authuser=0&psi=QiVjX_fNN8SsaZWKvfgO.1600333117375&dpr=1
==================================================

==================================================
Search Text       : Como crac
Search Engine     : Google
Search Type       : General
Search Time       : 17/09/2020 9:59:34
Web Browser       : Mozilla
Hits              : 1600333174
URL               : https://www.google.com/complete/search?q=Como%20crac&cp=9&client=psy-ab&xssi=t&gs_ri=gws-wiz&hl=es-419&authuser=0&psi=QiVjX_fNN8SsaZWKvfgO.1600333117375&dpr=1
==================================================

==================================================
Search Text       : Como crack
Search Engine     : Google
Search Type       : General
Search Time       : 17/09/2020 9:59:35
Web Browser       : Mozilla
Hits              : 1600333175
URL               : https://www.google.com/complete/search?q=Como%20crack&cp=10&client=psy-ab&xssi=t&gs_ri=gws-wiz&hl=es-419&authuser=0&psi=QiVjX_fNN8SsaZWKvfgO.1600333117375&dpr=1
==================================================

==================================================
Search Text       : Como cracke
Search Engine     : Google
Search Type       : General
Search Time       : 17/09/2020 9:59:35
Web Browser       : Mozilla
Hits              : 1600333175
URL               : https://www.google.com/complete/search?q=Como%20cracke&cp=11&client=psy-ab&xssi=t&gs_ri=gws-wiz&hl=es-419&authuser=0&psi=QiVjX_fNN8SsaZWKvfgO.1600333117375&dpr=1
==================================================

==================================================
Search Text       : Como crackea
Search Engine     : Google
Search Type       : General
Search Time       : 17/09/2020 9:59:35
Web Browser       : Mozilla
Hits              : 1600333175
URL               : https://www.google.com/complete/search?q=Como%20crackea&cp=12&client=psy-ab&xssi=t&gs_ri=gws-wiz&hl=es-419&authuser=0&psi=QiVjX_fNN8SsaZWKvfgO.1600333117375&dpr=1
==================================================

==================================================
Search Text       : Como crackear
Search Engine     : Google
Search Type       : General
Search Time       : 17/09/2020 9:59:36
Web Browser       : Mozilla
Hits              : 1600333175
URL               : https://www.google.com/complete/search?q=Como%20crackear&cp=13&client=psy-ab&xssi=t&gs_ri=gws-wiz&hl=es-419&authuser=0&psi=QiVjX_fNN8SsaZWKvfgO.1600333117375&dpr=1
==================================================

==================================================
Search Text       : Como crackear 
Search Engine     : Google
Search Type       : General
Search Time       : 17/09/2020 9:59:36
Web Browser       : Mozilla
Hits              : 1600333176
URL               : https://www.google.com/complete/search?q=Como%20crackear%20&cp=14&client=psy-ab&xssi=t&gs_ri=gws-wiz&hl=es-419&authuser=0&psi=QiVjX_fNN8SsaZWKvfgO.1600333117375&dpr=1
==================================================

==================================================
Search Text       : Como crackear s
Search Engine     : Google
Search Type       : General
Search Time       : 17/09/2020 9:59:36
Web Browser       : Mozilla
Hits              : 1600333176
URL               : https://www.google.com/complete/search?q=Como%20crackear%20s&cp=15&client=psy-ab&xssi=t&gs_ri=gws-wiz&hl=es-419&authuser=0&psi=QiVjX_fNN8SsaZWKvfgO.1600333117375&dpr=1
==================================================

==================================================
Search Text       : Como crackear se
Search Engine     : Google
Search Type       : General
Search Time       : 17/09/2020 9:59:37
Web Browser       : Mozilla
Hits              : 1600333176
URL               : https://www.google.com/complete/search?q=Como%20crackear%20se&cp=16&client=psy-ab&xssi=t&gs_ri=gws-wiz&hl=es-419&authuser=0&psi=QiVjX_fNN8SsaZWKvfgO.1600333117375&dpr=1
==================================================

==================================================
Search Text       : Como crackear ser
Search Engine     : Google
Search Type       : General
Search Time       : 17/09/2020 9:59:37
Web Browser       : Mozilla
Hits              : 1600333176
URL               : https://www.google.com/complete/search?q=Como%20crackear%20ser&cp=17&client=psy-ab&xssi=t&gs_ri=gws-wiz&hl=es-419&authuser=0&psi=QiVjX_fNN8SsaZWKvfgO.1600333117375&dpr=1
==================================================

==================================================
Search Text       : Como crackear serv
Search Engine     : Google
Search Type       : General
Search Time       : 17/09/2020 9:59:37
Web Browser       : Mozilla
Hits              : 1600333177
URL               : https://www.google.com/complete/search?q=Como%20crackear%20serv&cp=18&client=psy-ab&xssi=t&gs_ri=gws-wiz&hl=es-419&authuser=0&psi=QiVjX_fNN8SsaZWKvfgO.1600333117375&dpr=1&gs_mss=Como%20crackear%20ser
==================================================

==================================================
Search Text       : Como crackear servi
Search Engine     : Google
Search Type       : General
Search Time       : 17/09/2020 9:59:37
Web Browser       : Mozilla
Hits              : 1600333177
URL               : https://www.google.com/complete/search?q=Como%20crackear%20servi&cp=19&client=psy-ab&xssi=t&gs_ri=gws-wiz&hl=es-419&authuser=0&psi=QiVjX_fNN8SsaZWKvfgO.1600333117375&dpr=1&gs_mss=Como%20crackear%20ser
==================================================

==================================================
Search Text       : Como crackear servid
Search Engine     : Google
Search Type       : General
Search Time       : 17/09/2020 9:59:37
Web Browser       : Mozilla
Hits              : 1600333177
URL               : https://www.google.com/complete/search?q=Como%20crackear%20servid&cp=20&client=psy-ab&xssi=t&gs_ri=gws-wiz&hl=es-419&authuser=0&psi=QiVjX_fNN8SsaZWKvfgO.1600333117375&dpr=1&gs_mss=Como%20crackear%20ser
==================================================

==================================================
Search Text       : Como crackear servido
Search Engine     : Google
Search Type       : General
Search Time       : 17/09/2020 9:59:37
Web Browser       : Mozilla
Hits              : 1600333177
URL               : https://www.google.com/complete/search?q=Como%20crackear%20servido&cp=21&client=psy-ab&xssi=t&gs_ri=gws-wiz&hl=es-419&authuser=0&psi=QiVjX_fNN8SsaZWKvfgO.1600333117375&dpr=1&gs_mss=Como%20crackear%20ser
==================================================

==================================================
Search Text       : Como crackear servidor
Search Engine     : Google
Search Type       : General
Search Time       : 17/09/2020 9:59:38
Web Browser       : Mozilla
Hits              : 1600333177
URL               : https://www.google.com/complete/search?q=Como%20crackear%20servidor&cp=22&client=psy-ab&xssi=t&gs_ri=gws-wiz&hl=es-419&authuser=0&psi=QiVjX_fNN8SsaZWKvfgO.1600333117375&dpr=1&gs_mss=Como%20crackear%20ser
==================================================

==================================================
Search Text       : Como crackear servidor 
Search Engine     : Google
Search Type       : General
Search Time       : 17/09/2020 9:59:38
Web Browser       : Mozilla
Hits              : 1600333178
URL               : https://www.google.com/complete/search?q=Como%20crackear%20servidor%20&cp=23&client=psy-ab&xssi=t&gs_ri=gws-wiz&hl=es-419&authuser=0&psi=QiVjX_fNN8SsaZWKvfgO.1600333117375&dpr=1&gs_mss=Como%20crackear%20ser
==================================================

==================================================
Search Text       : Como crackear servidor e
Search Engine     : Google
Search Type       : General
Search Time       : 17/09/2020 9:59:39
Web Browser       : Mozilla
Hits              : 1600333179
URL               : https://www.google.com/complete/search?q=Como%20crackear%20servidor%20e&cp=24&client=psy-ab&xssi=t&gs_ri=gws-wiz&hl=es-419&authuser=0&psi=QiVjX_fNN8SsaZWKvfgO.1600333117375&dpr=1&gs_mss=Como%20crackear%20ser
==================================================

==================================================
Search Text       : Como crackear servidor em
Search Engine     : Google
Search Type       : General
Search Time       : 17/09/2020 9:59:39
Web Browser       : Mozilla
Hits              : 1600333179
URL               : https://www.google.com/complete/search?q=Como%20crackear%20servidor%20em&cp=25&client=psy-ab&xssi=t&gs_ri=gws-wiz&hl=es-419&authuser=0&psi=QiVjX_fNN8SsaZWKvfgO.1600333117375&dpr=1&gs_mss=Como%20crackear%20ser
==================================================

==================================================
Search Text       : Como crackear servidor emp
Search Engine     : Google
Search Type       : General
Search Time       : 17/09/2020 9:59:40
Web Browser       : Mozilla
Hits              : 1600333179
URL               : https://www.google.com/complete/search?q=Como%20crackear%20servidor%20emp&cp=26&client=psy-ab&xssi=t&gs_ri=gws-wiz&hl=es-419&authuser=0&psi=QiVjX_fNN8SsaZWKvfgO.1600333117375&dpr=1&gs_mss=Como%20crackear%20ser
==================================================

==================================================
Search Text       : Como crackear servidor empr
Search Engine     : Google
Search Type       : General
Search Time       : 17/09/2020 9:59:40
Web Browser       : Mozilla
Hits              : 1600333180
URL               : https://www.google.com/complete/search?q=Como%20crackear%20servidor%20empr&cp=27&client=psy-ab&xssi=t&gs_ri=gws-wiz&hl=es-419&authuser=0&psi=QiVjX_fNN8SsaZWKvfgO.1600333117375&dpr=1&gs_mss=Como%20crackear%20ser
==================================================

==================================================
Search Text       : Como crackear servidor empre
Search Engine     : Google
Search Type       : General
Search Time       : 17/09/2020 9:59:40
Web Browser       : Mozilla
Hits              : 1600333180
URL               : https://www.google.com/complete/search?q=Como%20crackear%20servidor%20empre&cp=28&client=psy-ab&xssi=t&gs_ri=gws-wiz&hl=es-419&authuser=0&psi=QiVjX_fNN8SsaZWKvfgO.1600333117375&dpr=1&gs_mss=Como%20crackear%20ser
==================================================

==================================================
Search Text       : Como crackear servidor empres
Search Engine     : Google
Search Type       : General
Search Time       : 17/09/2020 9:59:40
Web Browser       : Mozilla
Hits              : 1600333180
URL               : https://www.google.com/complete/search?q=Como%20crackear%20servidor%20empres&cp=29&client=psy-ab&xssi=t&gs_ri=gws-wiz&hl=es-419&authuser=0&psi=QiVjX_fNN8SsaZWKvfgO.1600333117375&dpr=1&gs_mss=Como%20crackear%20ser
==================================================

==================================================
Search Text       : Como crackear servidor empresa
Search Engine     : Google
Search Type       : General
Search Time       : 17/09/2020 10:00:09
Web Browser       : Mozilla
Hits              : 1600333180
URL               : https://www.google.com/complete/search?q=Como%20crackear%20servidor%20empresa&cp=30&client=psy-ab&xssi=t&gs_ri=gws-wiz&hl=es-419&authuser=0&psi=QiVjX_fNN8SsaZWKvfgO.1600333117375&dpr=1&gs_mss=Como%20crackear%20ser
==================================================

==================================================
Search Text       : Como e
Search Engine     : Google
Search Type       : General
Search Time       : 17/09/2020 9:59:17
Web Browser       : Mozilla
Hits              : 1600333157
URL               : https://www.google.com/complete/search?q=Como%20e&cp=6&client=psy-ab&xssi=t&gs_ri=gws-wiz&hl=es-419&authuser=0&psi=QiVjX_fNN8SsaZWKvfgO.1600333117375&dpr=1
==================================================

==================================================
Search Text       : Como es
Search Engine     : Google
Search Type       : General
Search Time       : 17/09/2020 9:59:18
Web Browser       : Mozilla
Hits              : 1600333158
URL               : https://www.google.com/complete/search?q=Como%20es&cp=7&client=psy-ab&xssi=t&gs_ri=gws-wiz&hl=es-419&authuser=0&psi=QiVjX_fNN8SsaZWKvfgO.1600333117375&dpr=1
==================================================

==================================================
Search Text       : Como r
Search Engine     : Google
Search Type       : General
Search Time       : 17/09/2020 9:59:10
Web Browser       : Mozilla
Hits              : 1600333150
URL               : https://www.google.com/complete/search?q=Como%20r&cp=6&client=psy-ab&xssi=t&gs_ri=gws-wiz&hl=es-419&authuser=0&psi=QiVjX_fNN8SsaZWKvfgO.1600333117375&dpr=1
==================================================

==================================================
Search Text       : Como ro
Search Engine     : Google
Search Type       : General
Search Time       : 17/09/2020 9:59:11
Web Browser       : Mozilla
Hits              : 1600333151
URL               : https://www.google.com/complete/search?q=Como%20ro&cp=7&client=psy-ab&xssi=t&gs_ri=gws-wiz&hl=es-419&authuser=0&psi=QiVjX_fNN8SsaZWKvfgO.1600333117375&dpr=1
==================================================

==================================================
Search Text       : Como rob
Search Engine     : Google
Search Type       : General
Search Time       : 17/09/2020 9:59:11
Web Browser       : Mozilla
Hits              : 1600333151
URL               : https://www.google.com/complete/search?q=Como%20rob&cp=8&client=psy-ab&xssi=t&gs_ri=gws-wiz&hl=es-419&authuser=0&psi=QiVjX_fNN8SsaZWKvfgO.1600333117375&dpr=1
==================================================

==================================================
Search Text       : Como roba
Search Engine     : Google
Search Type       : General
Search Time       : 17/09/2020 9:59:11
Web Browser       : Mozilla
Hits              : 1600333151
URL               : https://www.google.com/complete/search?q=Como%20roba&cp=9&client=psy-ab&xssi=t&gs_ri=gws-wiz&hl=es-419&authuser=0&psi=QiVjX_fNN8SsaZWKvfgO.1600333117375&dpr=1
==================================================

==================================================
Search Text       : Como robar
Search Engine     : Google
Search Type       : General
Search Time       : 17/09/2020 9:59:11
Web Browser       : Mozilla
Hits              : 1600333151
URL               : https://www.google.com/complete/search?q=Como%20robar&cp=10&client=psy-ab&xssi=t&gs_ri=gws-wiz&hl=es-419&authuser=0&psi=QiVjX_fNN8SsaZWKvfgO.1600333117375&dpr=1
==================================================

==================================================
Search Text       : Como robar 
Search Engine     : Google
Search Type       : General
Search Time       : 17/09/2020 9:59:12
Web Browser       : Mozilla
Hits              : 1600333151
URL               : https://www.google.com/complete/search?q=Como%20robar%20&cp=11&client=psy-ab&xssi=t&gs_ri=gws-wiz&hl=es-419&authuser=0&psi=QiVjX_fNN8SsaZWKvfgO.1600333117375&dpr=1
==================================================

==================================================
Search Text       : dropbox login
Search Engine     : Google
Search Type       : General
Search Time       : 17/09/2020 9:55:02
Web Browser       : Mozilla
Hits              : 1600332899
URL               : https://www.google.com/search?client=firefox-b-d&q=dropbox+login
==================================================

==================================================
Search Text       : firefox
Search Engine     : Bing
Search Type       : General
Search Time       : 17/09/2020 9:08:00
Web Browser       : Internet Explorer
Hits              : 3
URL               : http://www.bing.com/search?q=firefox&src=ie9tr
==================================================

